{"D:\\fork\\grocery-app\\client\\src\\App.jsx": {"path":"D:\\fork\\grocery-app\\client\\src\\App.jsx","statementMap":{"0":{"start":{"line":16,"column":31},"end":{"line":16,"column":41}},"1":{"start":{"line":18,"column":2},"end":{"line":28,"column":13}},"2":{"start":{"line":19,"column":4},"end":{"line":27,"column":5}},"3":{"start":{"line":20,"column":20},"end":{"line":22,"column":14}},"4":{"start":{"line":21,"column":8},"end":{"line":21,"column":20}},"5":{"start":{"line":24,"column":6},"end":{"line":26,"column":8}},"6":{"start":{"line":25,"column":8},"end":{"line":25,"column":28}},"7":{"start":{"line":30,"column":2},"end":{"line":51,"column":3}}},"fnMap":{"0":{"name":"App","decl":{"start":{"line":15,"column":9},"end":{"line":15,"column":12}},"loc":{"start":{"line":15,"column":15},"end":{"line":52,"column":1}},"line":15},"1":{"name":"(anonymous_1)","decl":{"start":{"line":18,"column":12},"end":{"line":18,"column":13}},"loc":{"start":{"line":18,"column":18},"end":{"line":28,"column":3}},"line":18},"2":{"name":"(anonymous_2)","decl":{"start":{"line":20,"column":31},"end":{"line":20,"column":32}},"loc":{"start":{"line":20,"column":37},"end":{"line":22,"column":7}},"line":20},"3":{"name":"(anonymous_3)","decl":{"start":{"line":24,"column":13},"end":{"line":24,"column":14}},"loc":{"start":{"line":24,"column":19},"end":{"line":26,"column":7}},"line":24}},"branchMap":{"0":{"loc":{"start":{"line":19,"column":4},"end":{"line":27,"column":5}},"type":"if","locations":[{"start":{"line":19,"column":4},"end":{"line":27,"column":5}},{"start":{},"end":{}}],"line":19},"1":{"loc":{"start":{"line":32,"column":9},"end":{"line":32,"column":52}},"type":"binary-expr","locations":[{"start":{"line":32,"column":9},"end":{"line":32,"column":14}},{"start":{"line":32,"column":18},"end":{"line":32,"column":52}}],"line":32}},"s":{"0":0,"1":0,"2":0,"3":0,"4":0,"5":0,"6":0,"7":0},"f":{"0":0,"1":0,"2":0,"3":0},"b":{"0":[0,0],"1":[0,0]}}
,"D:\\fork\\grocery-app\\client\\src\\main.jsx": {"path":"D:\\fork\\grocery-app\\client\\src\\main.jsx","statementMap":{"0":{"start":{"line":8,"column":0},"end":{"line":14,"column":1}}},"fnMap":{},"branchMap":{},"s":{"0":0},"f":{},"b":{}}
,"D:\\fork\\grocery-app\\client\\src\\components\\CustomButton\\CustomButton.jsx": {"path":"D:\\fork\\grocery-app\\client\\src\\components\\CustomButton\\CustomButton.jsx","statementMap":{"0":{"start":{"line":1,"column":21},"end":{"line":11,"column":1}},"1":{"start":{"line":2,"column":2},"end":{"line":10,"column":3}}},"fnMap":{"0":{"name":"(anonymous_0)","decl":{"start":{"line":1,"column":21},"end":{"line":1,"column":22}},"loc":{"start":{"line":1,"column":62},"end":{"line":11,"column":1}},"line":1}},"branchMap":{},"s":{"0":1,"1":0},"f":{"0":0},"b":{},"_coverageSchema":"1a1c01bbd47fc00a2c39e90264f33305004495a9","hash":"4cde538d7bace58545fa998c20e66be4328944d1"}
,"D:\\fork\\grocery-app\\client\\src\\components\\CustomInput\\CustomInput.jsx": {"path":"D:\\fork\\grocery-app\\client\\src\\components\\CustomInput\\CustomInput.jsx","statementMap":{"0":{"start":{"line":1,"column":20},"end":{"line":29,"column":1}},"1":{"start":{"line":11,"column":2},"end":{"line":28,"column":3}}},"fnMap":{"0":{"name":"(anonymous_0)","decl":{"start":{"line":1,"column":20},"end":{"line":1,"column":21}},"loc":{"start":{"line":10,"column":6},"end":{"line":29,"column":1}},"line":10}},"branchMap":{},"s":{"0":0,"1":0},"f":{"0":0},"b":{}}
,"D:\\fork\\grocery-app\\client\\src\\components\\Header\\Header.jsx": {"path":"D:\\fork\\grocery-app\\client\\src\\components\\Header\\Header.jsx","statementMap":{"0":{"start":{"line":1,"column":15},"end":{"line":9,"column":1}},"1":{"start":{"line":2,"column":2},"end":{"line":8,"column":3}}},"fnMap":{"0":{"name":"(anonymous_0)","decl":{"start":{"line":1,"column":15},"end":{"line":1,"column":16}},"loc":{"start":{"line":1,"column":38},"end":{"line":9,"column":1}},"line":1}},"branchMap":{},"s":{"0":0,"1":0},"f":{"0":0},"b":{}}
,"D:\\fork\\grocery-app\\client\\src\\constants\\addressValidation.js": {"path":"D:\\fork\\grocery-app\\client\\src\\constants\\addressValidation.js","statementMap":{"0":{"start":{"line":3,"column":32},"end":{"line":17,"column":4}}},"fnMap":{},"branchMap":{},"s":{"0":0},"f":{},"b":{}}
,"D:\\fork\\grocery-app\\client\\src\\constants\\index.js": {"path":"D:\\fork\\grocery-app\\client\\src\\constants\\index.js","statementMap":{"0":{"start":{"line":5,"column":16},"end":{"line":5,"column":39}},"1":{"start":{"line":7,"column":14},"end":{"line":11,"column":1}},"2":{"start":{"line":13,"column":19},"end":{"line":21,"column":1}},"3":{"start":{"line":23,"column":19},"end":{"line":60,"column":1}}},"fnMap":{},"branchMap":{},"s":{"0":0,"1":0,"2":0,"3":0},"f":{},"b":{}}
,"D:\\fork\\grocery-app\\client\\src\\constants\\newsletterValidation.js": {"path":"D:\\fork\\grocery-app\\client\\src\\constants\\newsletterValidation.js","statementMap":{"0":{"start":{"line":3,"column":35},"end":{"line":7,"column":4}}},"fnMap":{},"branchMap":{},"s":{"0":0},"f":{},"b":{}}
,"D:\\fork\\grocery-app\\client\\src\\constants\\signInValidation.js": {"path":"D:\\fork\\grocery-app\\client\\src\\constants\\signInValidation.js","statementMap":{"0":{"start":{"line":3,"column":21},"end":{"line":11,"column":4}}},"fnMap":{},"branchMap":{},"s":{"0":0},"f":{},"b":{}}
,"D:\\fork\\grocery-app\\client\\src\\constants\\signUpValidation.js": {"path":"D:\\fork\\grocery-app\\client\\src\\constants\\signUpValidation.js","statementMap":{"0":{"start":{"line":3,"column":21},"end":{"line":17,"column":4}}},"fnMap":{},"branchMap":{},"s":{"0":0},"f":{},"b":{}}
,"D:\\fork\\grocery-app\\client\\src\\guards\\ProtectedRoute.jsx": {"path":"D:\\fork\\grocery-app\\client\\src\\guards\\ProtectedRoute.jsx","statementMap":{"0":{"start":{"line":6,"column":23},"end":{"line":28,"column":1}},"1":{"start":{"line":7,"column":40},"end":{"line":7,"column":55}},"2":{"start":{"line":8,"column":38},"end":{"line":8,"column":52}},"3":{"start":{"line":9,"column":25},"end":{"line":9,"column":38}},"4":{"start":{"line":11,"column":4},"end":{"line":18,"column":10}},"5":{"start":{"line":12,"column":26},"end":{"line":16,"column":9}},"6":{"start":{"line":13,"column":31},"end":{"line":13,"column":54}},"7":{"start":{"line":14,"column":12},"end":{"line":14,"column":38}},"8":{"start":{"line":15,"column":12},"end":{"line":15,"column":32}},"9":{"start":{"line":17,"column":8},"end":{"line":17,"column":20}},"10":{"start":{"line":20,"column":8},"end":{"line":27,"column":9}},"11":{"start":{"line":21,"column":12},"end":{"line":21,"column":34}},"12":{"start":{"line":23,"column":13},"end":{"line":27,"column":9}},"13":{"start":{"line":24,"column":12},"end":{"line":24,"column":64}},"14":{"start":{"line":26,"column":12},"end":{"line":26,"column":69}}},"fnMap":{"0":{"name":"(anonymous_0)","decl":{"start":{"line":6,"column":23},"end":{"line":6,"column":24}},"loc":{"start":{"line":6,"column":29},"end":{"line":28,"column":1}},"line":6},"1":{"name":"(anonymous_1)","decl":{"start":{"line":11,"column":14},"end":{"line":11,"column":15}},"loc":{"start":{"line":11,"column":20},"end":{"line":18,"column":5}},"line":11},"2":{"name":"(anonymous_2)","decl":{"start":{"line":12,"column":26},"end":{"line":12,"column":27}},"loc":{"start":{"line":12,"column":38},"end":{"line":16,"column":9}},"line":12}},"branchMap":{"0":{"loc":{"start":{"line":20,"column":8},"end":{"line":27,"column":9}},"type":"if","locations":[{"start":{"line":20,"column":8},"end":{"line":27,"column":9}},{"start":{"line":23,"column":13},"end":{"line":27,"column":9}}],"line":20},"1":{"loc":{"start":{"line":23,"column":13},"end":{"line":27,"column":9}},"type":"if","locations":[{"start":{"line":23,"column":13},"end":{"line":27,"column":9}},{"start":{"line":25,"column":15},"end":{"line":27,"column":9}}],"line":23},"2":{"loc":{"start":{"line":23,"column":17},"end":{"line":23,"column":66}},"type":"binary-expr","locations":[{"start":{"line":23,"column":17},"end":{"line":23,"column":38}},{"start":{"line":23,"column":42},"end":{"line":23,"column":66}}],"line":23},"3":{"loc":{"start":{"line":24,"column":19},"end":{"line":24,"column":64}},"type":"cond-expr","locations":[{"start":{"line":24,"column":32},"end":{"line":24,"column":51}},{"start":{"line":24,"column":54},"end":{"line":24,"column":64}}],"line":24},"4":{"loc":{"start":{"line":26,"column":19},"end":{"line":26,"column":69}},"type":"cond-expr","locations":[{"start":{"line":26,"column":32},"end":{"line":26,"column":42}},{"start":{"line":26,"column":45},"end":{"line":26,"column":69}}],"line":26}},"s":{"0":0,"1":0,"2":0,"3":0,"4":0,"5":0,"6":0,"7":0,"8":0,"9":0,"10":0,"11":0,"12":0,"13":0,"14":0},"f":{"0":0,"1":0,"2":0},"b":{"0":[0,0],"1":[0,0],"2":[0,0],"3":[0,0],"4":[0,0]}}
,"D:\\fork\\grocery-app\\client\\src\\services\\address.service.js": {"path":"D:\\fork\\grocery-app\\client\\src\\services\\address.service.js","statementMap":{"0":{"start":{"line":4,"column":20},"end":{"line":15,"column":1}},"1":{"start":{"line":5,"column":2},"end":{"line":14,"column":3}},"2":{"start":{"line":6,"column":19},"end":{"line":6,"column":49}},"3":{"start":{"line":7,"column":21},"end":{"line":7,"column":96}},"4":{"start":{"line":9,"column":4},"end":{"line":11,"column":5}},"5":{"start":{"line":10,"column":6},"end":{"line":10,"column":27}},"6":{"start":{"line":13,"column":4},"end":{"line":13,"column":26}},"7":{"start":{"line":17,"column":19},"end":{"line":32,"column":3}},"8":{"start":{"line":18,"column":4},"end":{"line":31,"column":5}},"9":{"start":{"line":19,"column":21},"end":{"line":19,"column":51}},"10":{"start":{"line":21,"column":6},"end":{"line":23,"column":7}},"11":{"start":{"line":22,"column":8},"end":{"line":22,"column":20}},"12":{"start":{"line":25,"column":23},"end":{"line":25,"column":98}},"13":{"start":{"line":27,"column":6},"end":{"line":27,"column":27}},"14":{"start":{"line":30,"column":6},"end":{"line":30,"column":28}}},"fnMap":{"0":{"name":"(anonymous_0)","decl":{"start":{"line":4,"column":20},"end":{"line":4,"column":21}},"loc":{"start":{"line":4,"column":36},"end":{"line":15,"column":1}},"line":4},"1":{"name":"(anonymous_1)","decl":{"start":{"line":17,"column":19},"end":{"line":17,"column":20}},"loc":{"start":{"line":17,"column":31},"end":{"line":32,"column":3}},"line":17}},"branchMap":{"0":{"loc":{"start":{"line":9,"column":4},"end":{"line":11,"column":5}},"type":"if","locations":[{"start":{"line":9,"column":4},"end":{"line":11,"column":5}},{"start":{},"end":{}}],"line":9},"1":{"loc":{"start":{"line":21,"column":6},"end":{"line":23,"column":7}},"type":"if","locations":[{"start":{"line":21,"column":6},"end":{"line":23,"column":7}},{"start":{},"end":{}}],"line":21}},"s":{"0":0,"1":0,"2":0,"3":0,"4":0,"5":0,"6":0,"7":0,"8":0,"9":0,"10":0,"11":0,"12":0,"13":0,"14":0},"f":{"0":0,"1":0},"b":{"0":[0,0],"1":[0,0]}}
,"D:\\fork\\grocery-app\\client\\src\\services\\discount.service.js": {"path":"D:\\fork\\grocery-app\\client\\src\\services\\discount.service.js","statementMap":{"0":{"start":{"line":4,"column":20},"end":{"line":14,"column":1}},"1":{"start":{"line":5,"column":2},"end":{"line":13,"column":3}},"2":{"start":{"line":6,"column":21},"end":{"line":6,"column":102}},"3":{"start":{"line":8,"column":4},"end":{"line":10,"column":5}},"4":{"start":{"line":9,"column":6},"end":{"line":9,"column":27}},"5":{"start":{"line":12,"column":4},"end":{"line":12,"column":26}}},"fnMap":{"0":{"name":"(anonymous_0)","decl":{"start":{"line":4,"column":20},"end":{"line":4,"column":21}},"loc":{"start":{"line":4,"column":44},"end":{"line":14,"column":1}},"line":4}},"branchMap":{"0":{"loc":{"start":{"line":8,"column":4},"end":{"line":10,"column":5}},"type":"if","locations":[{"start":{"line":8,"column":4},"end":{"line":10,"column":5}},{"start":{},"end":{}}],"line":8}},"s":{"0":0,"1":0,"2":0,"3":0,"4":0,"5":0},"f":{"0":0},"b":{"0":[0,0]}}
,"D:\\fork\\grocery-app\\client\\src\\services\\newsletter.service.js": {"path":"D:\\fork\\grocery-app\\client\\src\\services\\newsletter.service.js","statementMap":{"0":{"start":{"line":4,"column":29},"end":{"line":14,"column":1}},"1":{"start":{"line":5,"column":2},"end":{"line":13,"column":3}},"2":{"start":{"line":6,"column":21},"end":{"line":6,"column":88}},"3":{"start":{"line":8,"column":4},"end":{"line":10,"column":5}},"4":{"start":{"line":9,"column":6},"end":{"line":9,"column":27}},"5":{"start":{"line":12,"column":4},"end":{"line":12,"column":26}}},"fnMap":{"0":{"name":"(anonymous_0)","decl":{"start":{"line":4,"column":29},"end":{"line":4,"column":30}},"loc":{"start":{"line":4,"column":46},"end":{"line":14,"column":1}},"line":4}},"branchMap":{"0":{"loc":{"start":{"line":8,"column":4},"end":{"line":10,"column":5}},"type":"if","locations":[{"start":{"line":8,"column":4},"end":{"line":10,"column":5}},{"start":{},"end":{}}],"line":8}},"s":{"0":0,"1":0,"2":0,"3":0,"4":0,"5":0},"f":{"0":0},"b":{"0":[0,0]}}
,"D:\\fork\\grocery-app\\client\\src\\services\\order.service.js": {"path":"D:\\fork\\grocery-app\\client\\src\\services\\order.service.js","statementMap":{"0":{"start":{"line":5,"column":18},"end":{"line":30,"column":1}},"1":{"start":{"line":6,"column":2},"end":{"line":29,"column":3}},"2":{"start":{"line":7,"column":19},"end":{"line":7,"column":49}},"3":{"start":{"line":8,"column":19},"end":{"line":8,"column":146}},"4":{"start":{"line":10,"column":18},"end":{"line":12,"column":6}},"5":{"start":{"line":14,"column":21},"end":{"line":19,"column":6}},"6":{"start":{"line":21,"column":5},"end":{"line":23,"column":8}},"7":{"start":{"line":25,"column":4},"end":{"line":25,"column":25}},"8":{"start":{"line":28,"column":4},"end":{"line":28,"column":26}},"9":{"start":{"line":32,"column":17},"end":{"line":43,"column":1}},"10":{"start":{"line":33,"column":2},"end":{"line":42,"column":3}},"11":{"start":{"line":34,"column":19},"end":{"line":34,"column":49}},"12":{"start":{"line":35,"column":21},"end":{"line":35,"column":128}},"13":{"start":{"line":37,"column":4},"end":{"line":39,"column":5}},"14":{"start":{"line":38,"column":6},"end":{"line":38,"column":22}},"15":{"start":{"line":41,"column":4},"end":{"line":41,"column":26}},"16":{"start":{"line":45,"column":18},"end":{"line":56,"column":1}},"17":{"start":{"line":46,"column":2},"end":{"line":55,"column":3}},"18":{"start":{"line":47,"column":19},"end":{"line":47,"column":49}},"19":{"start":{"line":48,"column":21},"end":{"line":48,"column":95}},"20":{"start":{"line":50,"column":4},"end":{"line":52,"column":5}},"21":{"start":{"line":51,"column":6},"end":{"line":51,"column":27}},"22":{"start":{"line":54,"column":4},"end":{"line":54,"column":26}},"23":{"start":{"line":58,"column":20},"end":{"line":68,"column":1}},"24":{"start":{"line":59,"column":2},"end":{"line":67,"column":3}},"25":{"start":{"line":60,"column":21},"end":{"line":60,"column":82}},"26":{"start":{"line":62,"column":4},"end":{"line":64,"column":5}},"27":{"start":{"line":63,"column":6},"end":{"line":63,"column":29}},"28":{"start":{"line":66,"column":4},"end":{"line":66,"column":26}},"29":{"start":{"line":70,"column":21},"end":{"line":81,"column":1}},"30":{"start":{"line":71,"column":2},"end":{"line":80,"column":3}},"31":{"start":{"line":72,"column":22},"end":{"line":72,"column":55}},"32":{"start":{"line":73,"column":21},"end":{"line":73,"column":103}},"33":{"start":{"line":75,"column":4},"end":{"line":77,"column":5}},"34":{"start":{"line":76,"column":6},"end":{"line":76,"column":42}},"35":{"start":{"line":79,"column":4},"end":{"line":79,"column":26}}},"fnMap":{"0":{"name":"(anonymous_0)","decl":{"start":{"line":5,"column":18},"end":{"line":5,"column":19}},"loc":{"start":{"line":5,"column":76},"end":{"line":30,"column":1}},"line":5},"1":{"name":"(anonymous_1)","decl":{"start":{"line":32,"column":17},"end":{"line":32,"column":18}},"loc":{"start":{"line":32,"column":48},"end":{"line":43,"column":1}},"line":32},"2":{"name":"(anonymous_2)","decl":{"start":{"line":45,"column":18},"end":{"line":45,"column":19}},"loc":{"start":{"line":45,"column":30},"end":{"line":56,"column":1}},"line":45},"3":{"name":"(anonymous_3)","decl":{"start":{"line":58,"column":20},"end":{"line":58,"column":21}},"loc":{"start":{"line":58,"column":39},"end":{"line":68,"column":1}},"line":58},"4":{"name":"(anonymous_4)","decl":{"start":{"line":70,"column":21},"end":{"line":70,"column":22}},"loc":{"start":{"line":70,"column":33},"end":{"line":81,"column":1}},"line":70}},"branchMap":{"0":{"loc":{"start":{"line":37,"column":4},"end":{"line":39,"column":5}},"type":"if","locations":[{"start":{"line":37,"column":4},"end":{"line":39,"column":5}},{"start":{},"end":{}}],"line":37},"1":{"loc":{"start":{"line":50,"column":4},"end":{"line":52,"column":5}},"type":"if","locations":[{"start":{"line":50,"column":4},"end":{"line":52,"column":5}},{"start":{},"end":{}}],"line":50},"2":{"loc":{"start":{"line":62,"column":4},"end":{"line":64,"column":5}},"type":"if","locations":[{"start":{"line":62,"column":4},"end":{"line":64,"column":5}},{"start":{},"end":{}}],"line":62},"3":{"loc":{"start":{"line":75,"column":4},"end":{"line":77,"column":5}},"type":"if","locations":[{"start":{"line":75,"column":4},"end":{"line":77,"column":5}},{"start":{},"end":{}}],"line":75}},"s":{"0":0,"1":0,"2":0,"3":0,"4":0,"5":0,"6":0,"7":0,"8":0,"9":0,"10":0,"11":0,"12":0,"13":0,"14":0,"15":0,"16":0,"17":0,"18":0,"19":0,"20":0,"21":0,"22":0,"23":0,"24":0,"25":0,"26":0,"27":0,"28":0,"29":0,"30":0,"31":0,"32":0,"33":0,"34":0,"35":0},"f":{"0":0,"1":0,"2":0,"3":0,"4":0},"b":{"0":[0,0],"1":[0,0],"2":[0,0],"3":[0,0]}}
,"D:\\fork\\grocery-app\\client\\src\\services\\products.service.js": {"path":"D:\\fork\\grocery-app\\client\\src\\services\\products.service.js","statementMap":{"0":{"start":{"line":4,"column":23},"end":{"line":14,"column":1}},"1":{"start":{"line":5,"column":2},"end":{"line":13,"column":3}},"2":{"start":{"line":6,"column":21},"end":{"line":6,"column":84}},"3":{"start":{"line":8,"column":4},"end":{"line":10,"column":5}},"4":{"start":{"line":9,"column":6},"end":{"line":9,"column":27}},"5":{"start":{"line":12,"column":4},"end":{"line":12,"column":26}}},"fnMap":{"0":{"name":"(anonymous_0)","decl":{"start":{"line":4,"column":23},"end":{"line":4,"column":24}},"loc":{"start":{"line":4,"column":35},"end":{"line":14,"column":1}},"line":4}},"branchMap":{"0":{"loc":{"start":{"line":8,"column":4},"end":{"line":10,"column":5}},"type":"if","locations":[{"start":{"line":8,"column":4},"end":{"line":10,"column":5}},{"start":{},"end":{}}],"line":8}},"s":{"0":0,"1":0,"2":0,"3":0,"4":0,"5":0},"f":{"0":0},"b":{"0":[0,0]}}
,"D:\\fork\\grocery-app\\client\\src\\services\\user.service.js": {"path":"D:\\fork\\grocery-app\\client\\src\\services\\user.service.js","statementMap":{"0":{"start":{"line":5,"column":21},"end":{"line":15,"column":1}},"1":{"start":{"line":6,"column":2},"end":{"line":14,"column":3}},"2":{"start":{"line":7,"column":21},"end":{"line":7,"column":77}},"3":{"start":{"line":9,"column":4},"end":{"line":11,"column":5}},"4":{"start":{"line":10,"column":6},"end":{"line":10,"column":29}},"5":{"start":{"line":13,"column":4},"end":{"line":13,"column":26}},"6":{"start":{"line":17,"column":18},"end":{"line":31,"column":1}},"7":{"start":{"line":18,"column":2},"end":{"line":30,"column":3}},"8":{"start":{"line":19,"column":21},"end":{"line":22,"column":6}},"9":{"start":{"line":24,"column":4},"end":{"line":27,"column":5}},"10":{"start":{"line":25,"column":6},"end":{"line":25,"column":59}},"11":{"start":{"line":26,"column":6},"end":{"line":26,"column":22}},"12":{"start":{"line":29,"column":4},"end":{"line":29,"column":26}},"13":{"start":{"line":33,"column":19},"end":{"line":51,"column":1}},"14":{"start":{"line":34,"column":2},"end":{"line":50,"column":3}},"15":{"start":{"line":35,"column":19},"end":{"line":35,"column":49}},"16":{"start":{"line":37,"column":4},"end":{"line":46,"column":5}},"17":{"start":{"line":38,"column":23},"end":{"line":38,"column":89}},"18":{"start":{"line":40,"column":6},"end":{"line":42,"column":7}},"19":{"start":{"line":41,"column":8},"end":{"line":41,"column":42}},"20":{"start":{"line":45,"column":6},"end":{"line":45,"column":54}},"21":{"start":{"line":49,"column":4},"end":{"line":49,"column":38}},"22":{"start":{"line":53,"column":24},"end":{"line":76,"column":1}},"23":{"start":{"line":54,"column":17},"end":{"line":54,"column":47}},"24":{"start":{"line":56,"column":2},"end":{"line":75,"column":3}},"25":{"start":{"line":57,"column":4},"end":{"line":71,"column":5}},"26":{"start":{"line":58,"column":20},"end":{"line":58,"column":94}},"27":{"start":{"line":60,"column":23},"end":{"line":64,"column":8}},"28":{"start":{"line":66,"column":6},"end":{"line":66,"column":27}},"29":{"start":{"line":69,"column":8},"end":{"line":69,"column":27}},"30":{"start":{"line":70,"column":8},"end":{"line":70,"column":21}},"31":{"start":{"line":73,"column":4},"end":{"line":73,"column":23}},"32":{"start":{"line":74,"column":4},"end":{"line":74,"column":17}},"33":{"start":{"line":78,"column":17},"end":{"line":89,"column":1}},"34":{"start":{"line":79,"column":2},"end":{"line":88,"column":3}},"35":{"start":{"line":80,"column":19},"end":{"line":80,"column":49}},"36":{"start":{"line":81,"column":21},"end":{"line":81,"column":98}},"37":{"start":{"line":83,"column":4},"end":{"line":85,"column":5}},"38":{"start":{"line":84,"column":6},"end":{"line":84,"column":33}},"39":{"start":{"line":87,"column":4},"end":{"line":87,"column":40}}},"fnMap":{"0":{"name":"(anonymous_0)","decl":{"start":{"line":5,"column":21},"end":{"line":5,"column":22}},"loc":{"start":{"line":5,"column":41},"end":{"line":15,"column":1}},"line":5},"1":{"name":"(anonymous_1)","decl":{"start":{"line":17,"column":18},"end":{"line":17,"column":19}},"loc":{"start":{"line":17,"column":44},"end":{"line":31,"column":1}},"line":17},"2":{"name":"(anonymous_2)","decl":{"start":{"line":33,"column":19},"end":{"line":33,"column":20}},"loc":{"start":{"line":33,"column":31},"end":{"line":51,"column":1}},"line":33},"3":{"name":"(anonymous_3)","decl":{"start":{"line":53,"column":24},"end":{"line":53,"column":25}},"loc":{"start":{"line":53,"column":36},"end":{"line":76,"column":1}},"line":53},"4":{"name":"(anonymous_4)","decl":{"start":{"line":78,"column":17},"end":{"line":78,"column":18}},"loc":{"start":{"line":78,"column":29},"end":{"line":89,"column":1}},"line":78}},"branchMap":{"0":{"loc":{"start":{"line":9,"column":4},"end":{"line":11,"column":5}},"type":"if","locations":[{"start":{"line":9,"column":4},"end":{"line":11,"column":5}},{"start":{},"end":{}}],"line":9},"1":{"loc":{"start":{"line":24,"column":4},"end":{"line":27,"column":5}},"type":"if","locations":[{"start":{"line":24,"column":4},"end":{"line":27,"column":5}},{"start":{},"end":{}}],"line":24},"2":{"loc":{"start":{"line":24,"column":8},"end":{"line":24,"column":54}},"type":"binary-expr","locations":[{"start":{"line":24,"column":8},"end":{"line":24,"column":31}},{"start":{"line":24,"column":35},"end":{"line":24,"column":54}}],"line":24},"3":{"loc":{"start":{"line":37,"column":4},"end":{"line":46,"column":5}},"type":"if","locations":[{"start":{"line":37,"column":4},"end":{"line":46,"column":5}},{"start":{"line":44,"column":11},"end":{"line":46,"column":5}}],"line":37},"4":{"loc":{"start":{"line":40,"column":6},"end":{"line":42,"column":7}},"type":"if","locations":[{"start":{"line":40,"column":6},"end":{"line":42,"column":7}},{"start":{},"end":{}}],"line":40},"5":{"loc":{"start":{"line":56,"column":2},"end":{"line":75,"column":3}},"type":"if","locations":[{"start":{"line":56,"column":2},"end":{"line":75,"column":3}},{"start":{"line":72,"column":9},"end":{"line":75,"column":3}}],"line":56},"6":{"loc":{"start":{"line":83,"column":4},"end":{"line":85,"column":5}},"type":"if","locations":[{"start":{"line":83,"column":4},"end":{"line":85,"column":5}},{"start":{},"end":{}}],"line":83}},"s":{"0":0,"1":0,"2":0,"3":0,"4":0,"5":0,"6":0,"7":0,"8":0,"9":0,"10":0,"11":0,"12":0,"13":0,"14":0,"15":0,"16":0,"17":0,"18":0,"19":0,"20":0,"21":0,"22":0,"23":0,"24":0,"25":0,"26":0,"27":0,"28":0,"29":0,"30":0,"31":0,"32":0,"33":0,"34":0,"35":0,"36":0,"37":0,"38":0,"39":0},"f":{"0":0,"1":0,"2":0,"3":0,"4":0},"b":{"0":[0,0],"1":[0,0],"2":[0,0],"3":[0,0],"4":[0,0],"5":[0,0],"6":[0,0]}}
,"D:\\fork\\grocery-app\\client\\src\\utils\\addCartQuantity.js": {"path":"D:\\fork\\grocery-app\\client\\src\\utils\\addCartQuantity.js","statementMap":{"0":{"start":{"line":2,"column":15},"end":{"line":2,"column":43}},"1":{"start":{"line":4,"column":4},"end":{"line":8,"column":5}},"2":{"start":{"line":5,"column":8},"end":{"line":5,"column":18}},"3":{"start":{"line":7,"column":8},"end":{"line":7,"column":32}},"4":{"start":{"line":10,"column":20},"end":{"line":16,"column":6}},"5":{"start":{"line":11,"column":8},"end":{"line":15,"column":9}},"6":{"start":{"line":12,"column":12},"end":{"line":12,"column":57}},"7":{"start":{"line":14,"column":12},"end":{"line":14,"column":24}},"8":{"start":{"line":17,"column":4},"end":{"line":17,"column":58}},"9":{"start":{"line":19,"column":4},"end":{"line":19,"column":19}}},"fnMap":{"0":{"name":"addCartQuantity","decl":{"start":{"line":1,"column":9},"end":{"line":1,"column":24}},"loc":{"start":{"line":1,"column":34},"end":{"line":20,"column":1}},"line":1},"1":{"name":"(anonymous_1)","decl":{"start":{"line":10,"column":29},"end":{"line":10,"column":30}},"loc":{"start":{"line":10,"column":39},"end":{"line":16,"column":5}},"line":10}},"branchMap":{"0":{"loc":{"start":{"line":4,"column":4},"end":{"line":8,"column":5}},"type":"if","locations":[{"start":{"line":4,"column":4},"end":{"line":8,"column":5}},{"start":{"line":6,"column":11},"end":{"line":8,"column":5}}],"line":4},"1":{"loc":{"start":{"line":11,"column":8},"end":{"line":15,"column":9}},"type":"if","locations":[{"start":{"line":11,"column":8},"end":{"line":15,"column":9}},{"start":{"line":13,"column":15},"end":{"line":15,"column":9}}],"line":11}},"s":{"0":0,"1":0,"2":0,"3":0,"4":0,"5":0,"6":0,"7":0,"8":0,"9":0},"f":{"0":0,"1":0},"b":{"0":[0,0],"1":[0,0]},"_coverageSchema":"1a1c01bbd47fc00a2c39e90264f33305004495a9","hash":"714bab1bf2c2368b23786eccdba906d7df9a7024"}
,"D:\\fork\\grocery-app\\client\\src\\utils\\fetchCart.js": {"path":"D:\\fork\\grocery-app\\client\\src\\utils\\fetchCart.js","statementMap":{"0":{"start":{"line":2,"column":15},"end":{"line":2,"column":43}},"1":{"start":{"line":4,"column":4},"end":{"line":8,"column":5}},"2":{"start":{"line":5,"column":8},"end":{"line":5,"column":32}},"3":{"start":{"line":7,"column":8},"end":{"line":7,"column":18}}},"fnMap":{"0":{"name":"fetchCart","decl":{"start":{"line":1,"column":9},"end":{"line":1,"column":18}},"loc":{"start":{"line":1,"column":21},"end":{"line":9,"column":1}},"line":1}},"branchMap":{"0":{"loc":{"start":{"line":4,"column":4},"end":{"line":8,"column":5}},"type":"if","locations":[{"start":{"line":4,"column":4},"end":{"line":8,"column":5}},{"start":{"line":6,"column":11},"end":{"line":8,"column":5}}],"line":4}},"s":{"0":0,"1":0,"2":0,"3":0},"f":{"0":0},"b":{"0":[0,0]}}
,"D:\\fork\\grocery-app\\client\\src\\utils\\fetchFilters.js": {"path":"D:\\fork\\grocery-app\\client\\src\\utils\\fetchFilters.js","statementMap":{"0":{"start":{"line":6,"column":2},"end":{"line":17,"column":3}},"1":{"start":{"line":7,"column":21},"end":{"line":7,"column":81}},"2":{"start":{"line":8,"column":54},"end":{"line":8,"column":67}},"3":{"start":{"line":10,"column":4},"end":{"line":13,"column":6}},"4":{"start":{"line":15,"column":4},"end":{"line":15,"column":61}},"5":{"start":{"line":16,"column":4},"end":{"line":16,"column":16}}},"fnMap":{"0":{"name":"fetchFilters","decl":{"start":{"line":4,"column":15},"end":{"line":4,"column":27}},"loc":{"start":{"line":4,"column":30},"end":{"line":18,"column":1}},"line":4}},"branchMap":{},"s":{"0":0,"1":0,"2":0,"3":0,"4":0,"5":0},"f":{"0":0},"b":{}}
,"D:\\fork\\grocery-app\\client\\src\\utils\\fetchProducts.js": {"path":"D:\\fork\\grocery-app\\client\\src\\utils\\fetchProducts.js","statementMap":{"0":{"start":{"line":6,"column":2},"end":{"line":13,"column":3}},"1":{"start":{"line":7,"column":21},"end":{"line":7,"column":108}},"2":{"start":{"line":9,"column":4},"end":{"line":9,"column":25}},"3":{"start":{"line":11,"column":4},"end":{"line":11,"column":63}},"4":{"start":{"line":12,"column":4},"end":{"line":12,"column":16}}},"fnMap":{"0":{"name":"fetchProducts","decl":{"start":{"line":4,"column":15},"end":{"line":4,"column":28}},"loc":{"start":{"line":4,"column":50},"end":{"line":14,"column":1}},"line":4}},"branchMap":{},"s":{"0":0,"1":0,"2":0,"3":0,"4":0},"f":{"0":0},"b":{}}
,"D:\\fork\\grocery-app\\client\\src\\utils\\formatDate.js": {"path":"D:\\fork\\grocery-app\\client\\src\\utils\\formatDate.js","statementMap":{"0":{"start":{"line":1,"column":19},"end":{"line":13,"column":1}},"1":{"start":{"line":2,"column":20},"end":{"line":2,"column":34}},"2":{"start":{"line":3,"column":16},"end":{"line":3,"column":33}},"3":{"start":{"line":4,"column":18},"end":{"line":4,"column":36}},"4":{"start":{"line":5,"column":17},"end":{"line":5,"column":38}},"5":{"start":{"line":6,"column":18},"end":{"line":6,"column":36}},"6":{"start":{"line":7,"column":20},"end":{"line":7,"column":40}},"7":{"start":{"line":8,"column":20},"end":{"line":8,"column":40}},"8":{"start":{"line":10,"column":26},"end":{"line":10,"column":102}},"9":{"start":{"line":12,"column":4},"end":{"line":12,"column":25}}},"fnMap":{"0":{"name":"(anonymous_0)","decl":{"start":{"line":1,"column":19},"end":{"line":1,"column":20}},"loc":{"start":{"line":1,"column":29},"end":{"line":13,"column":1}},"line":1}},"branchMap":{},"s":{"0":0,"1":0,"2":0,"3":0,"4":0,"5":0,"6":0,"7":0,"8":0,"9":0},"f":{"0":0},"b":{}}
,"D:\\fork\\grocery-app\\client\\src\\utils\\removeFromCart.js": {"path":"D:\\fork\\grocery-app\\client\\src\\utils\\removeFromCart.js","statementMap":{"0":{"start":{"line":2,"column":15},"end":{"line":2,"column":43}},"1":{"start":{"line":4,"column":4},"end":{"line":10,"column":5}},"2":{"start":{"line":5,"column":8},"end":{"line":5,"column":32}},"3":{"start":{"line":6,"column":8},"end":{"line":6,"column":61}},"4":{"start":{"line":6,"column":35},"end":{"line":6,"column":59}},"5":{"start":{"line":7,"column":8},"end":{"line":7,"column":59}},"6":{"start":{"line":9,"column":8},"end":{"line":9,"column":20}}},"fnMap":{"0":{"name":"removeFromCart","decl":{"start":{"line":1,"column":9},"end":{"line":1,"column":23}},"loc":{"start":{"line":1,"column":33},"end":{"line":11,"column":1}},"line":1},"1":{"name":"(anonymous_1)","decl":{"start":{"line":6,"column":27},"end":{"line":6,"column":28}},"loc":{"start":{"line":6,"column":35},"end":{"line":6,"column":59}},"line":6}},"branchMap":{"0":{"loc":{"start":{"line":4,"column":4},"end":{"line":10,"column":5}},"type":"if","locations":[{"start":{"line":4,"column":4},"end":{"line":10,"column":5}},{"start":{},"end":{}}],"line":4}},"s":{"0":0,"1":0,"2":0,"3":0,"4":0,"5":0,"6":0},"f":{"0":0,"1":0},"b":{"0":[0,0]},"_coverageSchema":"1a1c01bbd47fc00a2c39e90264f33305004495a9","hash":"3a59ce9343fd0e473acfc2791245770f9c30c370"}
,"D:\\fork\\grocery-app\\client\\src\\utils\\saveToCart.js": {"path":"D:\\fork\\grocery-app\\client\\src\\utils\\saveToCart.js","statementMap":{"0":{"start":{"line":2,"column":15},"end":{"line":2,"column":43}},"1":{"start":{"line":4,"column":4},"end":{"line":8,"column":5}},"2":{"start":{"line":5,"column":8},"end":{"line":5,"column":18}},"3":{"start":{"line":7,"column":8},"end":{"line":7,"column":32}},"4":{"start":{"line":10,"column":20},"end":{"line":16,"column":6}},"5":{"start":{"line":11,"column":8},"end":{"line":15,"column":9}},"6":{"start":{"line":12,"column":12},"end":{"line":12,"column":57}},"7":{"start":{"line":14,"column":12},"end":{"line":14,"column":24}},"8":{"start":{"line":18,"column":29},"end":{"line":18,"column":75}},"9":{"start":{"line":18,"column":50},"end":{"line":18,"column":74}},"10":{"start":{"line":20,"column":4},"end":{"line":22,"column":5}},"11":{"start":{"line":21,"column":8},"end":{"line":21,"column":50}},"12":{"start":{"line":23,"column":4},"end":{"line":23,"column":58}}},"fnMap":{"0":{"name":"saveToCart","decl":{"start":{"line":1,"column":9},"end":{"line":1,"column":19}},"loc":{"start":{"line":1,"column":29},"end":{"line":24,"column":1}},"line":1},"1":{"name":"(anonymous_1)","decl":{"start":{"line":10,"column":29},"end":{"line":10,"column":30}},"loc":{"start":{"line":10,"column":39},"end":{"line":16,"column":5}},"line":10},"2":{"name":"(anonymous_2)","decl":{"start":{"line":18,"column":42},"end":{"line":18,"column":43}},"loc":{"start":{"line":18,"column":50},"end":{"line":18,"column":74}},"line":18}},"branchMap":{"0":{"loc":{"start":{"line":4,"column":4},"end":{"line":8,"column":5}},"type":"if","locations":[{"start":{"line":4,"column":4},"end":{"line":8,"column":5}},{"start":{"line":6,"column":11},"end":{"line":8,"column":5}}],"line":4},"1":{"loc":{"start":{"line":11,"column":8},"end":{"line":15,"column":9}},"type":"if","locations":[{"start":{"line":11,"column":8},"end":{"line":15,"column":9}},{"start":{"line":13,"column":15},"end":{"line":15,"column":9}}],"line":11},"2":{"loc":{"start":{"line":20,"column":4},"end":{"line":22,"column":5}},"type":"if","locations":[{"start":{"line":20,"column":4},"end":{"line":22,"column":5}},{"start":{},"end":{}}],"line":20}},"s":{"0":0,"1":0,"2":0,"3":0,"4":0,"5":0,"6":0,"7":0,"8":0,"9":0,"10":0,"11":0,"12":0},"f":{"0":0,"1":0,"2":0},"b":{"0":[0,0],"1":[0,0],"2":[0,0]}}
,"D:\\fork\\grocery-app\\client\\src\\utils\\subCartQuantity.js": {"path":"D:\\fork\\grocery-app\\client\\src\\utils\\subCartQuantity.js","statementMap":{"0":{"start":{"line":2,"column":15},"end":{"line":2,"column":43}},"1":{"start":{"line":4,"column":4},"end":{"line":8,"column":5}},"2":{"start":{"line":5,"column":8},"end":{"line":5,"column":18}},"3":{"start":{"line":7,"column":8},"end":{"line":7,"column":32}},"4":{"start":{"line":10,"column":20},"end":{"line":16,"column":6}},"5":{"start":{"line":11,"column":8},"end":{"line":15,"column":9}},"6":{"start":{"line":12,"column":12},"end":{"line":12,"column":57}},"7":{"start":{"line":14,"column":12},"end":{"line":14,"column":24}},"8":{"start":{"line":17,"column":4},"end":{"line":17,"column":58}},"9":{"start":{"line":19,"column":4},"end":{"line":19,"column":19}}},"fnMap":{"0":{"name":"subCartQuantity","decl":{"start":{"line":1,"column":9},"end":{"line":1,"column":24}},"loc":{"start":{"line":1,"column":34},"end":{"line":20,"column":1}},"line":1},"1":{"name":"(anonymous_1)","decl":{"start":{"line":10,"column":29},"end":{"line":10,"column":30}},"loc":{"start":{"line":10,"column":39},"end":{"line":16,"column":5}},"line":10}},"branchMap":{"0":{"loc":{"start":{"line":4,"column":4},"end":{"line":8,"column":5}},"type":"if","locations":[{"start":{"line":4,"column":4},"end":{"line":8,"column":5}},{"start":{"line":6,"column":11},"end":{"line":8,"column":5}}],"line":4},"1":{"loc":{"start":{"line":11,"column":8},"end":{"line":15,"column":9}},"type":"if","locations":[{"start":{"line":11,"column":8},"end":{"line":15,"column":9}},{"start":{"line":13,"column":15},"end":{"line":15,"column":9}}],"line":11}},"s":{"0":0,"1":0,"2":0,"3":0,"4":0,"5":0,"6":0,"7":0,"8":0,"9":0},"f":{"0":0,"1":0},"b":{"0":[0,0],"1":[0,0]},"_coverageSchema":"1a1c01bbd47fc00a2c39e90264f33305004495a9","hash":"ffc668471d271fce916d7407cc6765ebdedd9f92"}
,"D:\\fork\\grocery-app\\client\\src\\utils\\ErrorContext\\ErrorContext.jsx": {"path":"D:\\fork\\grocery-app\\client\\src\\utils\\ErrorContext\\ErrorContext.jsx","statementMap":{"0":{"start":{"line":3,"column":21},"end":{"line":3,"column":36}},"1":{"start":{"line":5,"column":24},"end":{"line":7,"column":1}},"2":{"start":{"line":6,"column":2},"end":{"line":6,"column":34}},"3":{"start":{"line":9,"column":29},"end":{"line":25,"column":1}},"4":{"start":{"line":10,"column":28},"end":{"line":10,"column":42}},"5":{"start":{"line":12,"column":20},"end":{"line":14,"column":3}},"6":{"start":{"line":13,"column":4},"end":{"line":13,"column":27}},"7":{"start":{"line":16,"column":20},"end":{"line":18,"column":3}},"8":{"start":{"line":17,"column":4},"end":{"line":17,"column":19}},"9":{"start":{"line":20,"column":2},"end":{"line":24,"column":4}}},"fnMap":{"0":{"name":"(anonymous_0)","decl":{"start":{"line":5,"column":24},"end":{"line":5,"column":25}},"loc":{"start":{"line":5,"column":30},"end":{"line":7,"column":1}},"line":5},"1":{"name":"(anonymous_1)","decl":{"start":{"line":9,"column":29},"end":{"line":9,"column":30}},"loc":{"start":{"line":9,"column":47},"end":{"line":25,"column":1}},"line":9},"2":{"name":"(anonymous_2)","decl":{"start":{"line":12,"column":20},"end":{"line":12,"column":21}},"loc":{"start":{"line":12,"column":38},"end":{"line":14,"column":3}},"line":12},"3":{"name":"(anonymous_3)","decl":{"start":{"line":16,"column":20},"end":{"line":16,"column":21}},"loc":{"start":{"line":16,"column":26},"end":{"line":18,"column":3}},"line":16}},"branchMap":{},"s":{"0":0,"1":0,"2":0,"3":0,"4":0,"5":0,"6":0,"7":0,"8":0,"9":0},"f":{"0":0,"1":0,"2":0,"3":0},"b":{}}
,"D:\\fork\\grocery-app\\client\\src\\views\\Account\\Account.jsx": {"path":"D:\\fork\\grocery-app\\client\\src\\views\\Account\\Account.jsx","statementMap":{"0":{"start":{"line":7,"column":16},"end":{"line":26,"column":1}},"1":{"start":{"line":8,"column":40},"end":{"line":8,"column":51}},"2":{"start":{"line":9,"column":42},"end":{"line":18,"column":5}},"3":{"start":{"line":20,"column":2},"end":{"line":25,"column":3}}},"fnMap":{"0":{"name":"(anonymous_0)","decl":{"start":{"line":7,"column":16},"end":{"line":7,"column":17}},"loc":{"start":{"line":7,"column":22},"end":{"line":26,"column":1}},"line":7}},"branchMap":{},"s":{"0":0,"1":0,"2":0,"3":0},"f":{"0":0},"b":{}}
,"D:\\fork\\grocery-app\\client\\src\\views\\Account\\AccountEditPopup\\AccountEditPopup.jsx": {"path":"D:\\fork\\grocery-app\\client\\src\\views\\Account\\AccountEditPopup\\AccountEditPopup.jsx","statementMap":{"0":{"start":{"line":9,"column":25},"end":{"line":180,"column":1}},"1":{"start":{"line":10,"column":26},"end":{"line":10,"column":36}},"2":{"start":{"line":12,"column":26},"end":{"line":20,"column":7}},"3":{"start":{"line":22,"column":27},"end":{"line":32,"column":7}},"4":{"start":{"line":23,"column":24},"end":{"line":23,"column":49}},"5":{"start":{"line":25,"column":8},"end":{"line":27,"column":9}},"6":{"start":{"line":26,"column":12},"end":{"line":26,"column":40}},"7":{"start":{"line":29,"column":8},"end":{"line":31,"column":9}},"8":{"start":{"line":30,"column":12},"end":{"line":30,"column":34}},"9":{"start":{"line":34,"column":2},"end":{"line":179,"column":3}},"10":{"start":{"line":41,"column":8},"end":{"line":176,"column":15}},"11":{"start":{"line":46,"column":43},"end":{"line":46,"column":64}}},"fnMap":{"0":{"name":"(anonymous_0)","decl":{"start":{"line":9,"column":25},"end":{"line":9,"column":26}},"loc":{"start":{"line":9,"column":55},"end":{"line":180,"column":1}},"line":9},"1":{"name":"(anonymous_1)","decl":{"start":{"line":22,"column":27},"end":{"line":22,"column":28}},"loc":{"start":{"line":22,"column":44},"end":{"line":32,"column":7}},"line":22},"2":{"name":"(anonymous_2)","decl":{"start":{"line":40,"column":7},"end":{"line":40,"column":8}},"loc":{"start":{"line":41,"column":8},"end":{"line":176,"column":15}},"line":41},"3":{"name":"(anonymous_3)","decl":{"start":{"line":46,"column":37},"end":{"line":46,"column":38}},"loc":{"start":{"line":46,"column":43},"end":{"line":46,"column":64}},"line":46}},"branchMap":{"0":{"loc":{"start":{"line":13,"column":19},"end":{"line":13,"column":63}},"type":"cond-expr","locations":[{"start":{"line":13,"column":44},"end":{"line":13,"column":46}},{"start":{"line":13,"column":49},"end":{"line":13,"column":63}}],"line":13},"1":{"loc":{"start":{"line":14,"column":18},"end":{"line":14,"column":60}},"type":"cond-expr","locations":[{"start":{"line":14,"column":42},"end":{"line":14,"column":44}},{"start":{"line":14,"column":47},"end":{"line":14,"column":60}}],"line":14},"2":{"loc":{"start":{"line":15,"column":18},"end":{"line":15,"column":60}},"type":"cond-expr","locations":[{"start":{"line":15,"column":42},"end":{"line":15,"column":44}},{"start":{"line":15,"column":47},"end":{"line":15,"column":60}}],"line":15},"3":{"loc":{"start":{"line":16,"column":20},"end":{"line":16,"column":66}},"type":"cond-expr","locations":[{"start":{"line":16,"column":46},"end":{"line":16,"column":48}},{"start":{"line":16,"column":51},"end":{"line":16,"column":66}}],"line":16},"4":{"loc":{"start":{"line":17,"column":14},"end":{"line":17,"column":48}},"type":"cond-expr","locations":[{"start":{"line":17,"column":34},"end":{"line":17,"column":36}},{"start":{"line":17,"column":39},"end":{"line":17,"column":48}}],"line":17},"5":{"loc":{"start":{"line":18,"column":21},"end":{"line":18,"column":69}},"type":"cond-expr","locations":[{"start":{"line":18,"column":48},"end":{"line":18,"column":50}},{"start":{"line":18,"column":53},"end":{"line":18,"column":69}}],"line":18},"6":{"loc":{"start":{"line":19,"column":15},"end":{"line":19,"column":51}},"type":"cond-expr","locations":[{"start":{"line":19,"column":36},"end":{"line":19,"column":38}},{"start":{"line":19,"column":41},"end":{"line":19,"column":51}}],"line":19},"7":{"loc":{"start":{"line":25,"column":8},"end":{"line":27,"column":9}},"type":"if","locations":[{"start":{"line":25,"column":8},"end":{"line":27,"column":9}},{"start":{},"end":{}}],"line":25},"8":{"loc":{"start":{"line":29,"column":8},"end":{"line":31,"column":9}},"type":"if","locations":[{"start":{"line":29,"column":8},"end":{"line":31,"column":9}},{"start":{},"end":{}}],"line":29},"9":{"loc":{"start":{"line":29,"column":12},"end":{"line":29,"column":37}},"type":"binary-expr","locations":[{"start":{"line":29,"column":12},"end":{"line":29,"column":19}},{"start":{"line":29,"column":23},"end":{"line":29,"column":37}}],"line":29},"10":{"loc":{"start":{"line":154,"column":29},"end":{"line":156,"column":29}},"type":"binary-expr","locations":[{"start":{"line":154,"column":29},"end":{"line":154,"column":45}},{"start":{"line":154,"column":49},"end":{"line":154,"column":66}},{"start":{"line":155,"column":32},"end":{"line":155,"column":86}}],"line":154},"11":{"loc":{"start":{"line":157,"column":29},"end":{"line":159,"column":29}},"type":"binary-expr","locations":[{"start":{"line":157,"column":29},"end":{"line":157,"column":44}},{"start":{"line":157,"column":48},"end":{"line":157,"column":64}},{"start":{"line":158,"column":32},"end":{"line":158,"column":85}}],"line":157},"12":{"loc":{"start":{"line":160,"column":29},"end":{"line":162,"column":29}},"type":"binary-expr","locations":[{"start":{"line":160,"column":29},"end":{"line":160,"column":44}},{"start":{"line":160,"column":48},"end":{"line":160,"column":64}},{"start":{"line":161,"column":32},"end":{"line":161,"column":85}}],"line":160},"13":{"loc":{"start":{"line":163,"column":29},"end":{"line":165,"column":29}},"type":"binary-expr","locations":[{"start":{"line":163,"column":29},"end":{"line":163,"column":46}},{"start":{"line":163,"column":50},"end":{"line":163,"column":68}},{"start":{"line":164,"column":32},"end":{"line":164,"column":87}}],"line":163},"14":{"loc":{"start":{"line":166,"column":29},"end":{"line":168,"column":29}},"type":"binary-expr","locations":[{"start":{"line":166,"column":29},"end":{"line":166,"column":40}},{"start":{"line":166,"column":44},"end":{"line":166,"column":56}},{"start":{"line":167,"column":32},"end":{"line":167,"column":81}}],"line":166},"15":{"loc":{"start":{"line":169,"column":29},"end":{"line":171,"column":29}},"type":"binary-expr","locations":[{"start":{"line":169,"column":29},"end":{"line":169,"column":47}},{"start":{"line":169,"column":51},"end":{"line":169,"column":70}},{"start":{"line":170,"column":32},"end":{"line":170,"column":88}}],"line":169}},"s":{"0":0,"1":0,"2":0,"3":0,"4":0,"5":0,"6":0,"7":0,"8":0,"9":0,"10":0,"11":0},"f":{"0":0,"1":0,"2":0,"3":0},"b":{"0":[0,0],"1":[0,0],"2":[0,0],"3":[0,0],"4":[0,0],"5":[0,0],"6":[0,0],"7":[0,0],"8":[0,0],"9":[0,0],"10":[0,0,0],"11":[0,0,0],"12":[0,0,0],"13":[0,0,0],"14":[0,0,0],"15":[0,0,0]}}
,"D:\\fork\\grocery-app\\client\\src\\views\\Account\\AccountMenu\\AccountMenu.jsx": {"path":"D:\\fork\\grocery-app\\client\\src\\views\\Account\\AccountMenu\\AccountMenu.jsx","statementMap":{"0":{"start":{"line":4,"column":20},"end":{"line":36,"column":1}},"1":{"start":{"line":5,"column":21},"end":{"line":5,"column":34}},"2":{"start":{"line":7,"column":2},"end":{"line":35,"column":3}},"3":{"start":{"line":15,"column":12},"end":{"line":21,"column":21}},"4":{"start":{"line":17,"column":31},"end":{"line":17,"column":58}},"5":{"start":{"line":27,"column":16},"end":{"line":27,"column":35}},"6":{"start":{"line":28,"column":16},"end":{"line":28,"column":30}}},"fnMap":{"0":{"name":"(anonymous_0)","decl":{"start":{"line":4,"column":20},"end":{"line":4,"column":21}},"loc":{"start":{"line":4,"column":56},"end":{"line":36,"column":1}},"line":4},"1":{"name":"(anonymous_1)","decl":{"start":{"line":14,"column":25},"end":{"line":14,"column":26}},"loc":{"start":{"line":15,"column":12},"end":{"line":21,"column":21}},"line":15},"2":{"name":"(anonymous_2)","decl":{"start":{"line":17,"column":25},"end":{"line":17,"column":26}},"loc":{"start":{"line":17,"column":31},"end":{"line":17,"column":58}},"line":17},"3":{"name":"(anonymous_3)","decl":{"start":{"line":26,"column":21},"end":{"line":26,"column":22}},"loc":{"start":{"line":26,"column":33},"end":{"line":29,"column":13}},"line":26}},"branchMap":{},"s":{"0":0,"1":0,"2":0,"3":0,"4":0,"5":0,"6":0},"f":{"0":0,"1":0,"2":0,"3":0},"b":{}}
,"D:\\fork\\grocery-app\\client\\src\\views\\Account\\AccountOrders\\AccountOrders.jsx": {"path":"D:\\fork\\grocery-app\\client\\src\\views\\Account\\AccountOrders\\AccountOrders.jsx","statementMap":{"0":{"start":{"line":8,"column":22},"end":{"line":75,"column":1}},"1":{"start":{"line":9,"column":24},"end":{"line":9,"column":34}},"2":{"start":{"line":10,"column":38},"end":{"line":10,"column":50}},"3":{"start":{"line":11,"column":46},"end":{"line":11,"column":61}},"4":{"start":{"line":13,"column":2},"end":{"line":29,"column":7}},"5":{"start":{"line":14,"column":24},"end":{"line":27,"column":5}},"6":{"start":{"line":15,"column":21},"end":{"line":15,"column":38}},"7":{"start":{"line":17,"column":6},"end":{"line":19,"column":7}},"8":{"start":{"line":18,"column":8},"end":{"line":18,"column":36}},"9":{"start":{"line":21,"column":6},"end":{"line":26,"column":7}},"10":{"start":{"line":22,"column":29},"end":{"line":24,"column":42}},"11":{"start":{"line":23,"column":25},"end":{"line":23,"column":70}},"12":{"start":{"line":24,"column":26},"end":{"line":24,"column":41}},"13":{"start":{"line":25,"column":8},"end":{"line":25,"column":36}},"14":{"start":{"line":28,"column":4},"end":{"line":28,"column":18}},"15":{"start":{"line":31,"column":2},"end":{"line":74,"column":3}},"16":{"start":{"line":38,"column":18},"end":{"line":38,"column":62}},"17":{"start":{"line":44,"column":33},"end":{"line":44,"column":57}},"18":{"start":{"line":53,"column":33},"end":{"line":53,"column":56}}},"fnMap":{"0":{"name":"(anonymous_0)","decl":{"start":{"line":8,"column":22},"end":{"line":8,"column":23}},"loc":{"start":{"line":8,"column":28},"end":{"line":75,"column":1}},"line":8},"1":{"name":"(anonymous_1)","decl":{"start":{"line":13,"column":12},"end":{"line":13,"column":13}},"loc":{"start":{"line":13,"column":18},"end":{"line":29,"column":3}},"line":13},"2":{"name":"(anonymous_2)","decl":{"start":{"line":14,"column":24},"end":{"line":14,"column":25}},"loc":{"start":{"line":14,"column":36},"end":{"line":27,"column":5}},"line":14},"3":{"name":"(anonymous_3)","decl":{"start":{"line":23,"column":15},"end":{"line":23,"column":16}},"loc":{"start":{"line":23,"column":25},"end":{"line":23,"column":70}},"line":23},"4":{"name":"(anonymous_4)","decl":{"start":{"line":24,"column":16},"end":{"line":24,"column":17}},"loc":{"start":{"line":24,"column":26},"end":{"line":24,"column":41}},"line":24},"5":{"name":"(anonymous_5)","decl":{"start":{"line":37,"column":81},"end":{"line":37,"column":82}},"loc":{"start":{"line":38,"column":18},"end":{"line":38,"column":62}},"line":38},"6":{"name":"(anonymous_6)","decl":{"start":{"line":44,"column":27},"end":{"line":44,"column":28}},"loc":{"start":{"line":44,"column":33},"end":{"line":44,"column":57}},"line":44},"7":{"name":"(anonymous_7)","decl":{"start":{"line":53,"column":27},"end":{"line":53,"column":28}},"loc":{"start":{"line":53,"column":33},"end":{"line":53,"column":56}},"line":53}},"branchMap":{"0":{"loc":{"start":{"line":17,"column":6},"end":{"line":19,"column":7}},"type":"if","locations":[{"start":{"line":17,"column":6},"end":{"line":19,"column":7}},{"start":{},"end":{}}],"line":17},"1":{"loc":{"start":{"line":21,"column":6},"end":{"line":26,"column":7}},"type":"if","locations":[{"start":{"line":21,"column":6},"end":{"line":26,"column":7}},{"start":{},"end":{}}],"line":21},"2":{"loc":{"start":{"line":21,"column":10},"end":{"line":21,"column":33}},"type":"binary-expr","locations":[{"start":{"line":21,"column":10},"end":{"line":21,"column":16}},{"start":{"line":21,"column":20},"end":{"line":21,"column":33}}],"line":21},"3":{"loc":{"start":{"line":35,"column":13},"end":{"line":71,"column":13}},"type":"cond-expr","locations":[{"start":{"line":36,"column":14},"end":{"line":60,"column":20}},{"start":{"line":62,"column":14},"end":{"line":70,"column":17}}],"line":35},"4":{"loc":{"start":{"line":37,"column":37},"end":{"line":37,"column":75}},"type":"cond-expr","locations":[{"start":{"line":37,"column":54},"end":{"line":37,"column":71}},{"start":{"line":37,"column":74},"end":{"line":37,"column":75}}],"line":37},"5":{"loc":{"start":{"line":41,"column":15},"end":{"line":59,"column":15}},"type":"cond-expr","locations":[{"start":{"line":42,"column":16},"end":{"line":49,"column":31}},{"start":{"line":51,"column":16},"end":{"line":58,"column":31}}],"line":41}},"s":{"0":0,"1":0,"2":0,"3":0,"4":0,"5":0,"6":0,"7":0,"8":0,"9":0,"10":0,"11":0,"12":0,"13":0,"14":0,"15":0,"16":0,"17":0,"18":0},"f":{"0":0,"1":0,"2":0,"3":0,"4":0,"5":0,"6":0,"7":0},"b":{"0":[0,0],"1":[0,0],"2":[0,0],"3":[0,0],"4":[0,0],"5":[0,0]}}
,"D:\\fork\\grocery-app\\client\\src\\views\\Account\\AccountOrdersTile\\AccountOrdersTile.jsx": {"path":"D:\\fork\\grocery-app\\client\\src\\views\\Account\\AccountOrdersTile\\AccountOrdersTile.jsx","statementMap":{"0":{"start":{"line":5,"column":26},"end":{"line":55,"column":1}},"1":{"start":{"line":6,"column":48},"end":{"line":6,"column":63}},"2":{"start":{"line":7,"column":38},"end":{"line":7,"column":42}},"3":{"start":{"line":8,"column":26},"end":{"line":8,"column":47}},"4":{"start":{"line":10,"column":4},"end":{"line":54,"column":3}},"5":{"start":{"line":15,"column":16},"end":{"line":29,"column":22}},"6":{"start":{"line":39,"column":43},"end":{"line":39,"column":67}},"7":{"start":{"line":44,"column":43},"end":{"line":44,"column":66}}},"fnMap":{"0":{"name":"(anonymous_0)","decl":{"start":{"line":5,"column":26},"end":{"line":5,"column":27}},"loc":{"start":{"line":5,"column":40},"end":{"line":55,"column":1}},"line":5},"1":{"name":"(anonymous_1)","decl":{"start":{"line":14,"column":77},"end":{"line":14,"column":78}},"loc":{"start":{"line":15,"column":16},"end":{"line":29,"column":22}},"line":15},"2":{"name":"(anonymous_2)","decl":{"start":{"line":39,"column":37},"end":{"line":39,"column":38}},"loc":{"start":{"line":39,"column":43},"end":{"line":39,"column":67}},"line":39},"3":{"name":"(anonymous_3)","decl":{"start":{"line":44,"column":37},"end":{"line":44,"column":38}},"loc":{"start":{"line":44,"column":43},"end":{"line":44,"column":66}},"line":44}},"branchMap":{"0":{"loc":{"start":{"line":14,"column":33},"end":{"line":14,"column":71}},"type":"cond-expr","locations":[{"start":{"line":14,"column":50},"end":{"line":14,"column":67}},{"start":{"line":14,"column":70},"end":{"line":14,"column":71}}],"line":14},"1":{"loc":{"start":{"line":35,"column":17},"end":{"line":47,"column":17}},"type":"binary-expr","locations":[{"start":{"line":35,"column":17},"end":{"line":35,"column":38}},{"start":{"line":36,"column":20},"end":{"line":46,"column":21}}],"line":35},"2":{"loc":{"start":{"line":36,"column":20},"end":{"line":46,"column":21}},"type":"cond-expr","locations":[{"start":{"line":37,"column":24},"end":{"line":40,"column":26}},{"start":{"line":42,"column":24},"end":{"line":45,"column":26}}],"line":36}},"s":{"0":0,"1":0,"2":0,"3":0,"4":0,"5":0,"6":0,"7":0},"f":{"0":0,"1":0,"2":0,"3":0},"b":{"0":[0,0],"1":[0,0],"2":[0,0]}}
,"D:\\fork\\grocery-app\\client\\src\\views\\Account\\AccountPanel\\AccountPanel.jsx": {"path":"D:\\fork\\grocery-app\\client\\src\\views\\Account\\AccountPanel\\AccountPanel.jsx","statementMap":{"0":{"start":{"line":1,"column":21},"end":{"line":7,"column":1}},"1":{"start":{"line":2,"column":2},"end":{"line":6,"column":3}}},"fnMap":{"0":{"name":"(anonymous_0)","decl":{"start":{"line":1,"column":21},"end":{"line":1,"column":22}},"loc":{"start":{"line":1,"column":54},"end":{"line":7,"column":1}},"line":1}},"branchMap":{},"s":{"0":0,"1":0},"f":{"0":0},"b":{}}
,"D:\\fork\\grocery-app\\client\\src\\views\\Account\\AccountPersonalData\\AccountPersonalData.jsx": {"path":"D:\\fork\\grocery-app\\client\\src\\views\\Account\\AccountPersonalData\\AccountPersonalData.jsx","statementMap":{"0":{"start":{"line":9,"column":28},"end":{"line":110,"column":1}},"1":{"start":{"line":10,"column":36},"end":{"line":10,"column":50}},"2":{"start":{"line":11,"column":40},"end":{"line":11,"column":55}},"3":{"start":{"line":12,"column":32},"end":{"line":12,"column":44}},"4":{"start":{"line":14,"column":2},"end":{"line":37,"column":19}},"5":{"start":{"line":15,"column":25},"end":{"line":33,"column":5}},"6":{"start":{"line":16,"column":26},"end":{"line":16,"column":44}},"7":{"start":{"line":17,"column":20},"end":{"line":17,"column":36}},"8":{"start":{"line":19,"column":6},"end":{"line":31,"column":7}},"9":{"start":{"line":20,"column":8},"end":{"line":20,"column":53}},"10":{"start":{"line":22,"column":8},"end":{"line":30,"column":11}},"11":{"start":{"line":35,"column":4},"end":{"line":35,"column":19}},"12":{"start":{"line":36,"column":4},"end":{"line":36,"column":24}},"13":{"start":{"line":39,"column":2},"end":{"line":109,"column":3}},"14":{"start":{"line":50,"column":27},"end":{"line":50,"column":47}}},"fnMap":{"0":{"name":"(anonymous_0)","decl":{"start":{"line":9,"column":28},"end":{"line":9,"column":29}},"loc":{"start":{"line":9,"column":34},"end":{"line":110,"column":1}},"line":9},"1":{"name":"(anonymous_1)","decl":{"start":{"line":14,"column":12},"end":{"line":14,"column":13}},"loc":{"start":{"line":14,"column":18},"end":{"line":37,"column":3}},"line":14},"2":{"name":"(anonymous_2)","decl":{"start":{"line":15,"column":25},"end":{"line":15,"column":26}},"loc":{"start":{"line":15,"column":37},"end":{"line":33,"column":5}},"line":15},"3":{"name":"(anonymous_3)","decl":{"start":{"line":50,"column":21},"end":{"line":50,"column":22}},"loc":{"start":{"line":50,"column":27},"end":{"line":50,"column":47}},"line":50}},"branchMap":{"0":{"loc":{"start":{"line":19,"column":6},"end":{"line":31,"column":7}},"type":"if","locations":[{"start":{"line":19,"column":6},"end":{"line":31,"column":7}},{"start":{"line":21,"column":13},"end":{"line":31,"column":7}}],"line":19},"1":{"loc":{"start":{"line":19,"column":10},"end":{"line":19,"column":30}},"type":"binary-expr","locations":[{"start":{"line":19,"column":10},"end":{"line":19,"column":21}},{"start":{"line":19,"column":25},"end":{"line":19,"column":30}}],"line":19},"2":{"loc":{"start":{"line":41,"column":9},"end":{"line":41,"column":102}},"type":"binary-expr","locations":[{"start":{"line":41,"column":9},"end":{"line":41,"column":20}},{"start":{"line":41,"column":24},"end":{"line":41,"column":31}},{"start":{"line":41,"column":35},"end":{"line":41,"column":102}}],"line":41},"3":{"loc":{"start":{"line":57,"column":10},"end":{"line":105,"column":11}},"type":"cond-expr","locations":[{"start":{"line":58,"column":12},"end":{"line":60,"column":15}},{"start":{"line":62,"column":12},"end":{"line":104,"column":18}}],"line":57},"4":{"loc":{"start":{"line":65,"column":21},"end":{"line":65,"column":63}},"type":"cond-expr","locations":[{"start":{"line":65,"column":41},"end":{"line":65,"column":58}},{"start":{"line":65,"column":61},"end":{"line":65,"column":63}}],"line":65},"5":{"loc":{"start":{"line":71,"column":21},"end":{"line":71,"column":61}},"type":"cond-expr","locations":[{"start":{"line":71,"column":40},"end":{"line":71,"column":56}},{"start":{"line":71,"column":59},"end":{"line":71,"column":61}}],"line":71},"6":{"loc":{"start":{"line":77,"column":21},"end":{"line":77,"column":55}},"type":"cond-expr","locations":[{"start":{"line":77,"column":37},"end":{"line":77,"column":50}},{"start":{"line":77,"column":53},"end":{"line":77,"column":55}}],"line":77},"7":{"loc":{"start":{"line":83,"column":21},"end":{"line":83,"column":61}},"type":"cond-expr","locations":[{"start":{"line":83,"column":40},"end":{"line":83,"column":56}},{"start":{"line":83,"column":59},"end":{"line":83,"column":61}}],"line":83},"8":{"loc":{"start":{"line":89,"column":21},"end":{"line":89,"column":65}},"type":"cond-expr","locations":[{"start":{"line":89,"column":42},"end":{"line":89,"column":60}},{"start":{"line":89,"column":63},"end":{"line":89,"column":65}}],"line":89},"9":{"loc":{"start":{"line":95,"column":21},"end":{"line":95,"column":53}},"type":"cond-expr","locations":[{"start":{"line":95,"column":36},"end":{"line":95,"column":48}},{"start":{"line":95,"column":51},"end":{"line":95,"column":53}}],"line":95},"10":{"loc":{"start":{"line":101,"column":21},"end":{"line":101,"column":67}},"type":"cond-expr","locations":[{"start":{"line":101,"column":43},"end":{"line":101,"column":62}},{"start":{"line":101,"column":65},"end":{"line":101,"column":67}}],"line":101}},"s":{"0":0,"1":0,"2":0,"3":0,"4":0,"5":0,"6":0,"7":0,"8":0,"9":0,"10":0,"11":0,"12":0,"13":0,"14":0},"f":{"0":0,"1":0,"2":0,"3":0},"b":{"0":[0,0],"1":[0,0],"2":[0,0,0],"3":[0,0],"4":[0,0],"5":[0,0],"6":[0,0],"7":[0,0],"8":[0,0],"9":[0,0],"10":[0,0]}}
,"D:\\fork\\grocery-app\\client\\src\\views\\Cart\\Cart.jsx": {"path":"D:\\fork\\grocery-app\\client\\src\\views\\Cart\\Cart.jsx","statementMap":{"0":{"start":{"line":7,"column":13},"end":{"line":27,"column":1}},"1":{"start":{"line":8,"column":42},"end":{"line":8,"column":54}},"2":{"start":{"line":9,"column":50},"end":{"line":9,"column":103}},"3":{"start":{"line":11,"column":2},"end":{"line":16,"column":22}},"4":{"start":{"line":12,"column":17},"end":{"line":12,"column":28}},"5":{"start":{"line":13,"column":4},"end":{"line":15,"column":5}},"6":{"start":{"line":14,"column":6},"end":{"line":14,"column":28}},"7":{"start":{"line":18,"column":2},"end":{"line":26,"column":3}}},"fnMap":{"0":{"name":"(anonymous_0)","decl":{"start":{"line":7,"column":13},"end":{"line":7,"column":14}},"loc":{"start":{"line":7,"column":19},"end":{"line":27,"column":1}},"line":7},"1":{"name":"(anonymous_1)","decl":{"start":{"line":11,"column":12},"end":{"line":11,"column":13}},"loc":{"start":{"line":11,"column":18},"end":{"line":16,"column":3}},"line":11}},"branchMap":{"0":{"loc":{"start":{"line":13,"column":4},"end":{"line":15,"column":5}},"type":"if","locations":[{"start":{"line":13,"column":4},"end":{"line":15,"column":5}},{"start":{},"end":{}}],"line":13},"1":{"loc":{"start":{"line":20,"column":7},"end":{"line":20,"column":136}},"type":"binary-expr","locations":[{"start":{"line":20,"column":7},"end":{"line":20,"column":35}},{"start":{"line":20,"column":39},"end":{"line":20,"column":136}}],"line":20}},"s":{"0":0,"1":0,"2":0,"3":0,"4":0,"5":0,"6":0,"7":0},"f":{"0":0,"1":0},"b":{"0":[0,0],"1":[0,0]}}
,"D:\\fork\\grocery-app\\client\\src\\views\\Cart\\CartProductTile\\CartProductTile.jsx": {"path":"D:\\fork\\grocery-app\\client\\src\\views\\Cart\\CartProductTile\\CartProductTile.jsx","statementMap":{"0":{"start":{"line":7,"column":24},"end":{"line":81,"column":1}},"1":{"start":{"line":8,"column":59},"end":{"line":8,"column":66}},"2":{"start":{"line":10,"column":26},"end":{"line":13,"column":5}},"3":{"start":{"line":11,"column":24},"end":{"line":11,"column":47}},"4":{"start":{"line":12,"column":8},"end":{"line":12,"column":33}},"5":{"start":{"line":15,"column":24},"end":{"line":20,"column":5}},"6":{"start":{"line":16,"column":8},"end":{"line":19,"column":9}},"7":{"start":{"line":17,"column":28},"end":{"line":17,"column":52}},"8":{"start":{"line":18,"column":12},"end":{"line":18,"column":37}},"9":{"start":{"line":22,"column":24},"end":{"line":27,"column":5}},"10":{"start":{"line":23,"column":8},"end":{"line":26,"column":9}},"11":{"start":{"line":24,"column":28},"end":{"line":24,"column":52}},"12":{"start":{"line":25,"column":12},"end":{"line":25,"column":37}},"13":{"start":{"line":29,"column":2},"end":{"line":80,"column":3}}},"fnMap":{"0":{"name":"(anonymous_0)","decl":{"start":{"line":7,"column":24},"end":{"line":7,"column":25}},"loc":{"start":{"line":7,"column":58},"end":{"line":81,"column":1}},"line":7},"1":{"name":"(anonymous_1)","decl":{"start":{"line":10,"column":26},"end":{"line":10,"column":27}},"loc":{"start":{"line":10,"column":32},"end":{"line":13,"column":5}},"line":10},"2":{"name":"(anonymous_2)","decl":{"start":{"line":15,"column":24},"end":{"line":15,"column":25}},"loc":{"start":{"line":15,"column":30},"end":{"line":20,"column":5}},"line":15},"3":{"name":"(anonymous_3)","decl":{"start":{"line":22,"column":24},"end":{"line":22,"column":25}},"loc":{"start":{"line":22,"column":30},"end":{"line":27,"column":5}},"line":22}},"branchMap":{"0":{"loc":{"start":{"line":16,"column":8},"end":{"line":19,"column":9}},"type":"if","locations":[{"start":{"line":16,"column":8},"end":{"line":19,"column":9}},{"start":{},"end":{}}],"line":16},"1":{"loc":{"start":{"line":23,"column":8},"end":{"line":26,"column":9}},"type":"if","locations":[{"start":{"line":23,"column":8},"end":{"line":26,"column":9}},{"start":{},"end":{}}],"line":23}},"s":{"0":1,"1":0,"2":0,"3":0,"4":0,"5":0,"6":0,"7":0,"8":0,"9":0,"10":0,"11":0,"12":0,"13":0},"f":{"0":0,"1":0,"2":0,"3":0},"b":{"0":[0,0],"1":[0,0]},"_coverageSchema":"1a1c01bbd47fc00a2c39e90264f33305004495a9","hash":"41eef89b777299e8b65f29614eeeb76ae7090cc6"}
,"D:\\fork\\grocery-app\\client\\src\\views\\Cart\\CartProducts\\CartProducts.jsx": {"path":"D:\\fork\\grocery-app\\client\\src\\views\\Cart\\CartProducts\\CartProducts.jsx","statementMap":{"0":{"start":{"line":8,"column":21},"end":{"line":46,"column":1}},"1":{"start":{"line":9,"column":46},"end":{"line":9,"column":61}},"2":{"start":{"line":11,"column":2},"end":{"line":45,"column":4}},"3":{"start":{"line":16,"column":12},"end":{"line":16,"column":95}},"4":{"start":{"line":22,"column":31},"end":{"line":22,"column":55}},"5":{"start":{"line":27,"column":31},"end":{"line":27,"column":54}}},"fnMap":{"0":{"name":"(anonymous_0)","decl":{"start":{"line":8,"column":21},"end":{"line":8,"column":22}},"loc":{"start":{"line":8,"column":60},"end":{"line":46,"column":1}},"line":8},"1":{"name":"(anonymous_1)","decl":{"start":{"line":15,"column":79},"end":{"line":15,"column":80}},"loc":{"start":{"line":16,"column":12},"end":{"line":16,"column":95}},"line":16},"2":{"name":"(anonymous_2)","decl":{"start":{"line":22,"column":25},"end":{"line":22,"column":26}},"loc":{"start":{"line":22,"column":31},"end":{"line":22,"column":55}},"line":22},"3":{"name":"(anonymous_3)","decl":{"start":{"line":27,"column":25},"end":{"line":27,"column":26}},"loc":{"start":{"line":27,"column":31},"end":{"line":27,"column":54}},"line":27}},"branchMap":{"0":{"loc":{"start":{"line":13,"column":7},"end":{"line":43,"column":7}},"type":"cond-expr","locations":[{"start":{"line":14,"column":8},"end":{"line":31,"column":11}},{"start":{"line":33,"column":8},"end":{"line":42,"column":18}}],"line":13},"1":{"loc":{"start":{"line":15,"column":33},"end":{"line":15,"column":73}},"type":"cond-expr","locations":[{"start":{"line":15,"column":50},"end":{"line":15,"column":69}},{"start":{"line":15,"column":72},"end":{"line":15,"column":73}}],"line":15},"2":{"loc":{"start":{"line":18,"column":11},"end":{"line":30,"column":11}},"type":"binary-expr","locations":[{"start":{"line":18,"column":11},"end":{"line":18,"column":34}},{"start":{"line":19,"column":12},"end":{"line":29,"column":13}}],"line":18},"3":{"loc":{"start":{"line":19,"column":12},"end":{"line":29,"column":13}},"type":"cond-expr","locations":[{"start":{"line":20,"column":14},"end":{"line":23,"column":16}},{"start":{"line":25,"column":14},"end":{"line":28,"column":16}}],"line":19}},"s":{"0":1,"1":0,"2":0,"3":0,"4":0,"5":0},"f":{"0":0,"1":0,"2":0,"3":0},"b":{"0":[0,0],"1":[0,0],"2":[0,0],"3":[0,0]},"_coverageSchema":"1a1c01bbd47fc00a2c39e90264f33305004495a9","hash":"81cece872c9e105d930887564b0355873d6faec1"}
,"D:\\fork\\grocery-app\\client\\src\\views\\Cart\\CartSummary\\CartSummary.jsx": {"path":"D:\\fork\\grocery-app\\client\\src\\views\\Cart\\CartSummary\\CartSummary.jsx","statementMap":{"0":{"start":{"line":14,"column":20},"end":{"line":229,"column":1}},"1":{"start":{"line":15,"column":38},"end":{"line":15,"column":49}},"2":{"start":{"line":16,"column":46},"end":{"line":16,"column":58}},"3":{"start":{"line":17,"column":46},"end":{"line":17,"column":57}},"4":{"start":{"line":18,"column":40},"end":{"line":18,"column":55}},"5":{"start":{"line":19,"column":46},"end":{"line":19,"column":58}},"6":{"start":{"line":20,"column":26},"end":{"line":20,"column":36}},"7":{"start":{"line":21,"column":21},"end":{"line":21,"column":34}},"8":{"start":{"line":22,"column":21},"end":{"line":22,"column":34}},"9":{"start":{"line":23,"column":24},"end":{"line":23,"column":60}},"10":{"start":{"line":24,"column":22},"end":{"line":24,"column":48}},"11":{"start":{"line":26,"column":29},"end":{"line":28,"column":6}},"12":{"start":{"line":30,"column":4},"end":{"line":38,"column":22}},"13":{"start":{"line":31,"column":8},"end":{"line":37,"column":9}},"14":{"start":{"line":32,"column":29},"end":{"line":35,"column":13}},"15":{"start":{"line":33,"column":28},"end":{"line":33,"column":100}},"16":{"start":{"line":33,"column":64},"end":{"line":33,"column":96}},"17":{"start":{"line":34,"column":16},"end":{"line":34,"column":57}},"18":{"start":{"line":36,"column":12},"end":{"line":36,"column":23}},"19":{"start":{"line":40,"column":30},"end":{"line":55,"column":5}},"20":{"start":{"line":41,"column":26},"end":{"line":41,"column":49}},"21":{"start":{"line":43,"column":8},"end":{"line":45,"column":9}},"22":{"start":{"line":44,"column":12},"end":{"line":44,"column":40}},"23":{"start":{"line":47,"column":8},"end":{"line":54,"column":9}},"24":{"start":{"line":48,"column":12},"end":{"line":48,"column":54}},"25":{"start":{"line":49,"column":12},"end":{"line":49,"column":81}},"26":{"start":{"line":50,"column":12},"end":{"line":50,"column":110}},"27":{"start":{"line":51,"column":12},"end":{"line":51,"column":32}},"28":{"start":{"line":53,"column":12},"end":{"line":53,"column":77}},"29":{"start":{"line":57,"column":24},"end":{"line":100,"column":5}},"30":{"start":{"line":59,"column":27},"end":{"line":59,"column":50}},"31":{"start":{"line":61,"column":8},"end":{"line":63,"column":9}},"32":{"start":{"line":62,"column":12},"end":{"line":62,"column":40}},"33":{"start":{"line":65,"column":8},"end":{"line":75,"column":9}},"34":{"start":{"line":66,"column":12},"end":{"line":66,"column":41}},"35":{"start":{"line":68,"column":12},"end":{"line":70,"column":13}},"36":{"start":{"line":69,"column":16},"end":{"line":69,"column":44}},"37":{"start":{"line":72,"column":12},"end":{"line":72,"column":93}},"38":{"start":{"line":72,"column":78},"end":{"line":72,"column":91}},"39":{"start":{"line":74,"column":12},"end":{"line":74,"column":31}},"40":{"start":{"line":77,"column":8},"end":{"line":99,"column":9}},"41":{"start":{"line":78,"column":26},"end":{"line":78,"column":92}},"42":{"start":{"line":80,"column":12},"end":{"line":82,"column":13}},"43":{"start":{"line":81,"column":16},"end":{"line":81,"column":44}},"44":{"start":{"line":84,"column":12},"end":{"line":97,"column":13}},"45":{"start":{"line":85,"column":16},"end":{"line":85,"column":34}},"46":{"start":{"line":86,"column":19},"end":{"line":97,"column":13}},"47":{"start":{"line":87,"column":36},"end":{"line":87,"column":67}},"48":{"start":{"line":89,"column":16},"end":{"line":91,"column":17}},"49":{"start":{"line":90,"column":20},"end":{"line":90,"column":48}},"50":{"start":{"line":93,"column":16},"end":{"line":96,"column":17}},"51":{"start":{"line":94,"column":20},"end":{"line":94,"column":74}},"52":{"start":{"line":95,"column":20},"end":{"line":95,"column":61}},"53":{"start":{"line":102,"column":4},"end":{"line":157,"column":18}},"54":{"start":{"line":103,"column":25},"end":{"line":114,"column":9}},"55":{"start":{"line":104,"column":28},"end":{"line":104,"column":59}},"56":{"start":{"line":105,"column":12},"end":{"line":113,"column":13}},"57":{"start":{"line":106,"column":30},"end":{"line":106,"column":56}},"58":{"start":{"line":108,"column":16},"end":{"line":110,"column":17}},"59":{"start":{"line":109,"column":20},"end":{"line":109,"column":48}},"60":{"start":{"line":112,"column":16},"end":{"line":112,"column":51}},"61":{"start":{"line":116,"column":27},"end":{"line":133,"column":9}},"62":{"start":{"line":117,"column":30},"end":{"line":117,"column":63}},"63":{"start":{"line":118,"column":30},"end":{"line":118,"column":35}},"64":{"start":{"line":120,"column":12},"end":{"line":130,"column":13}},"65":{"start":{"line":121,"column":31},"end":{"line":121,"column":51}},"66":{"start":{"line":123,"column":16},"end":{"line":125,"column":17}},"67":{"start":{"line":124,"column":20},"end":{"line":124,"column":48}},"68":{"start":{"line":127,"column":16},"end":{"line":129,"column":17}},"69":{"start":{"line":128,"column":20},"end":{"line":128,"column":39}},"70":{"start":{"line":132,"column":12},"end":{"line":132,"column":31}},"71":{"start":{"line":135,"column":28},"end":{"line":154,"column":9}},"72":{"start":{"line":136,"column":12},"end":{"line":153,"column":13}},"73":{"start":{"line":137,"column":36},"end":{"line":137,"column":54}},"74":{"start":{"line":139,"column":16},"end":{"line":141,"column":17}},"75":{"start":{"line":140,"column":20},"end":{"line":140,"column":48}},"76":{"start":{"line":143,"column":16},"end":{"line":152,"column":17}},"77":{"start":{"line":144,"column":20},"end":{"line":144,"column":89}},"78":{"start":{"line":145,"column":20},"end":{"line":145,"column":40}},"79":{"start":{"line":146,"column":20},"end":{"line":148,"column":21}},"80":{"start":{"line":147,"column":24},"end":{"line":147,"column":56}},"81":{"start":{"line":150,"column":20},"end":{"line":150,"column":37}},"82":{"start":{"line":151,"column":20},"end":{"line":151,"column":89}},"83":{"start":{"line":155,"column":8},"end":{"line":155,"column":22}},"84":{"start":{"line":159,"column":2},"end":{"line":228,"column":3}},"85":{"start":{"line":179,"column":31},"end":{"line":179,"column":56}},"86":{"start":{"line":192,"column":24},"end":{"line":192,"column":63}},"87":{"start":{"line":193,"column":24},"end":{"line":193,"column":45}},"88":{"start":{"line":194,"column":24},"end":{"line":194,"column":42}},"89":{"start":{"line":198,"column":24},"end":{"line":222,"column":31}}},"fnMap":{"0":{"name":"(anonymous_0)","decl":{"start":{"line":14,"column":20},"end":{"line":14,"column":21}},"loc":{"start":{"line":14,"column":80},"end":{"line":229,"column":1}},"line":14},"1":{"name":"(anonymous_1)","decl":{"start":{"line":30,"column":14},"end":{"line":30,"column":15}},"loc":{"start":{"line":30,"column":20},"end":{"line":38,"column":5}},"line":30},"2":{"name":"(anonymous_2)","decl":{"start":{"line":32,"column":29},"end":{"line":32,"column":30}},"loc":{"start":{"line":32,"column":35},"end":{"line":35,"column":13}},"line":32},"3":{"name":"(anonymous_3)","decl":{"start":{"line":33,"column":48},"end":{"line":33,"column":49}},"loc":{"start":{"line":33,"column":64},"end":{"line":33,"column":96}},"line":33},"4":{"name":"(anonymous_4)","decl":{"start":{"line":40,"column":30},"end":{"line":40,"column":31}},"loc":{"start":{"line":40,"column":46},"end":{"line":55,"column":5}},"line":40},"5":{"name":"(anonymous_5)","decl":{"start":{"line":57,"column":24},"end":{"line":57,"column":25}},"loc":{"start":{"line":57,"column":44},"end":{"line":100,"column":5}},"line":57},"6":{"name":"(anonymous_6)","decl":{"start":{"line":72,"column":69},"end":{"line":72,"column":70}},"loc":{"start":{"line":72,"column":78},"end":{"line":72,"column":91}},"line":72},"7":{"name":"(anonymous_7)","decl":{"start":{"line":102,"column":14},"end":{"line":102,"column":15}},"loc":{"start":{"line":102,"column":20},"end":{"line":157,"column":5}},"line":102},"8":{"name":"(anonymous_8)","decl":{"start":{"line":103,"column":25},"end":{"line":103,"column":26}},"loc":{"start":{"line":103,"column":37},"end":{"line":114,"column":9}},"line":103},"9":{"name":"(anonymous_9)","decl":{"start":{"line":116,"column":27},"end":{"line":116,"column":28}},"loc":{"start":{"line":116,"column":39},"end":{"line":133,"column":9}},"line":116},"10":{"name":"(anonymous_10)","decl":{"start":{"line":135,"column":28},"end":{"line":135,"column":29}},"loc":{"start":{"line":135,"column":40},"end":{"line":154,"column":9}},"line":135},"11":{"name":"(anonymous_11)","decl":{"start":{"line":179,"column":25},"end":{"line":179,"column":26}},"loc":{"start":{"line":179,"column":31},"end":{"line":179,"column":56}},"line":179},"12":{"name":"(anonymous_12)","decl":{"start":{"line":191,"column":30},"end":{"line":191,"column":31}},"loc":{"start":{"line":191,"column":67},"end":{"line":195,"column":21}},"line":191},"13":{"name":"(anonymous_13)","decl":{"start":{"line":197,"column":21},"end":{"line":197,"column":22}},"loc":{"start":{"line":198,"column":24},"end":{"line":222,"column":31}},"line":198}},"branchMap":{"0":{"loc":{"start":{"line":31,"column":8},"end":{"line":37,"column":9}},"type":"if","locations":[{"start":{"line":31,"column":8},"end":{"line":37,"column":9}},{"start":{},"end":{}}],"line":31},"1":{"loc":{"start":{"line":43,"column":8},"end":{"line":45,"column":9}},"type":"if","locations":[{"start":{"line":43,"column":8},"end":{"line":45,"column":9}},{"start":{},"end":{}}],"line":43},"2":{"loc":{"start":{"line":47,"column":8},"end":{"line":54,"column":9}},"type":"if","locations":[{"start":{"line":47,"column":8},"end":{"line":54,"column":9}},{"start":{"line":52,"column":15},"end":{"line":54,"column":9}}],"line":47},"3":{"loc":{"start":{"line":47,"column":12},"end":{"line":47,"column":36}},"type":"binary-expr","locations":[{"start":{"line":47,"column":12},"end":{"line":47,"column":21}},{"start":{"line":47,"column":25},"end":{"line":47,"column":36}}],"line":47},"4":{"loc":{"start":{"line":48,"column":12},"end":{"line":48,"column":53}},"type":"binary-expr","locations":[{"start":{"line":48,"column":12},"end":{"line":48,"column":30}},{"start":{"line":48,"column":34},"end":{"line":48,"column":53}}],"line":48},"5":{"loc":{"start":{"line":49,"column":12},"end":{"line":49,"column":80}},"type":"binary-expr","locations":[{"start":{"line":49,"column":12},"end":{"line":49,"column":35}},{"start":{"line":49,"column":39},"end":{"line":49,"column":80}}],"line":49},"6":{"loc":{"start":{"line":50,"column":12},"end":{"line":50,"column":109}},"type":"binary-expr","locations":[{"start":{"line":50,"column":12},"end":{"line":50,"column":35}},{"start":{"line":50,"column":39},"end":{"line":50,"column":109}}],"line":50},"7":{"loc":{"start":{"line":61,"column":8},"end":{"line":63,"column":9}},"type":"if","locations":[{"start":{"line":61,"column":8},"end":{"line":63,"column":9}},{"start":{},"end":{}}],"line":61},"8":{"loc":{"start":{"line":65,"column":8},"end":{"line":75,"column":9}},"type":"if","locations":[{"start":{"line":65,"column":8},"end":{"line":75,"column":9}},{"start":{"line":73,"column":15},"end":{"line":75,"column":9}}],"line":65},"9":{"loc":{"start":{"line":68,"column":12},"end":{"line":70,"column":13}},"type":"if","locations":[{"start":{"line":68,"column":12},"end":{"line":70,"column":13}},{"start":{},"end":{}}],"line":68},"10":{"loc":{"start":{"line":72,"column":29},"end":{"line":72,"column":92}},"type":"binary-expr","locations":[{"start":{"line":72,"column":29},"end":{"line":72,"column":36}},{"start":{"line":72,"column":40},"end":{"line":72,"column":92}}],"line":72},"11":{"loc":{"start":{"line":77,"column":8},"end":{"line":99,"column":9}},"type":"if","locations":[{"start":{"line":77,"column":8},"end":{"line":99,"column":9}},{"start":{},"end":{}}],"line":77},"12":{"loc":{"start":{"line":77,"column":12},"end":{"line":77,"column":37}},"type":"binary-expr","locations":[{"start":{"line":77,"column":12},"end":{"line":77,"column":26}},{"start":{"line":77,"column":30},"end":{"line":77,"column":37}}],"line":77},"13":{"loc":{"start":{"line":80,"column":12},"end":{"line":82,"column":13}},"type":"if","locations":[{"start":{"line":80,"column":12},"end":{"line":82,"column":13}},{"start":{},"end":{}}],"line":80},"14":{"loc":{"start":{"line":84,"column":12},"end":{"line":97,"column":13}},"type":"if","locations":[{"start":{"line":84,"column":12},"end":{"line":97,"column":13}},{"start":{"line":86,"column":19},"end":{"line":97,"column":13}}],"line":84},"15":{"loc":{"start":{"line":86,"column":19},"end":{"line":97,"column":13}},"type":"if","locations":[{"start":{"line":86,"column":19},"end":{"line":97,"column":13}},{"start":{},"end":{}}],"line":86},"16":{"loc":{"start":{"line":89,"column":16},"end":{"line":91,"column":17}},"type":"if","locations":[{"start":{"line":89,"column":16},"end":{"line":91,"column":17}},{"start":{},"end":{}}],"line":89},"17":{"loc":{"start":{"line":93,"column":16},"end":{"line":96,"column":17}},"type":"if","locations":[{"start":{"line":93,"column":16},"end":{"line":96,"column":17}},{"start":{},"end":{}}],"line":93},"18":{"loc":{"start":{"line":93,"column":20},"end":{"line":93,"column":53}},"type":"binary-expr","locations":[{"start":{"line":93,"column":20},"end":{"line":93,"column":31}},{"start":{"line":93,"column":35},"end":{"line":93,"column":53}}],"line":93},"19":{"loc":{"start":{"line":105,"column":12},"end":{"line":113,"column":13}},"type":"if","locations":[{"start":{"line":105,"column":12},"end":{"line":113,"column":13}},{"start":{},"end":{}}],"line":105},"20":{"loc":{"start":{"line":108,"column":16},"end":{"line":110,"column":17}},"type":"if","locations":[{"start":{"line":108,"column":16},"end":{"line":110,"column":17}},{"start":{},"end":{}}],"line":108},"21":{"loc":{"start":{"line":120,"column":12},"end":{"line":130,"column":13}},"type":"if","locations":[{"start":{"line":120,"column":12},"end":{"line":130,"column":13}},{"start":{},"end":{}}],"line":120},"22":{"loc":{"start":{"line":123,"column":16},"end":{"line":125,"column":17}},"type":"if","locations":[{"start":{"line":123,"column":16},"end":{"line":125,"column":17}},{"start":{},"end":{}}],"line":123},"23":{"loc":{"start":{"line":127,"column":16},"end":{"line":129,"column":17}},"type":"if","locations":[{"start":{"line":127,"column":16},"end":{"line":129,"column":17}},{"start":{},"end":{}}],"line":127},"24":{"loc":{"start":{"line":136,"column":12},"end":{"line":153,"column":13}},"type":"if","locations":[{"start":{"line":136,"column":12},"end":{"line":153,"column":13}},{"start":{},"end":{}}],"line":136},"25":{"loc":{"start":{"line":139,"column":16},"end":{"line":141,"column":17}},"type":"if","locations":[{"start":{"line":139,"column":16},"end":{"line":141,"column":17}},{"start":{},"end":{}}],"line":139},"26":{"loc":{"start":{"line":143,"column":16},"end":{"line":152,"column":17}},"type":"if","locations":[{"start":{"line":143,"column":16},"end":{"line":152,"column":17}},{"start":{"line":149,"column":23},"end":{"line":152,"column":17}}],"line":143},"27":{"loc":{"start":{"line":146,"column":20},"end":{"line":148,"column":21}},"type":"if","locations":[{"start":{"line":146,"column":20},"end":{"line":148,"column":21}},{"start":{},"end":{}}],"line":146},"28":{"loc":{"start":{"line":177,"column":60},"end":{"line":177,"column":144}},"type":"cond-expr","locations":[{"start":{"line":177,"column":86},"end":{"line":177,"column":104}},{"start":{"line":177,"column":107},"end":{"line":177,"column":144}}],"line":177},"29":{"loc":{"start":{"line":211,"column":38},"end":{"line":211,"column":77}},"type":"binary-expr","locations":[{"start":{"line":211,
[...]
,"D:\\fork\\grocery-app\\client\\src\\views\\Products\\ProductsFilter\\ProductsFilterList.jsx": {"path":"D:\\fork\\grocery-app\\client\\src\\views\\Products\\ProductsFilter\\ProductsFilterList.jsx","statementMap":{"0":{"start":{"line":9,"column":27},"end":{"line":129,"column":1}},"1":{"start":{"line":15,"column":24},"end":{"line":15,"column":34}},"2":{"start":{"line":16,"column":36},"end":{"line":16,"column":50}},"3":{"start":{"line":17,"column":50},"end":{"line":17,"column":60}},"4":{"start":{"line":19,"column":2},"end":{"line":33,"column":9}},"5":{"start":{"line":21,"column":32},"end":{"line":21,"column":52}},"6":{"start":{"line":23,"column":6},"end":{"line":25,"column":7}},"7":{"start":{"line":24,"column":8},"end":{"line":24,"column":36}},"8":{"start":{"line":27,"column":6},"end":{"line":29,"column":7}},"9":{"start":{"line":28,"column":8},"end":{"line":28,"column":47}},"10":{"start":{"line":30,"column":6},"end":{"line":30,"column":26}},"11":{"start":{"line":32,"column":4},"end":{"line":32,"column":17}},"12":{"start":{"line":35,"column":2},"end":{"line":128,"column":4}},"13":{"start":{"line":39,"column":23},"end":{"line":39,"column":50}},"14":{"start":{"line":48,"column":10},"end":{"line":48,"column":29}},"15":{"start":{"line":49,"column":10},"end":{"line":49,"column":38}},"16":{"start":{"line":54,"column":10},"end":{"line":124,"column":17}},"17":{"start":{"line":63,"column":18},"end":{"line":68,"column":20}},"18":{"start":{"line":81,"column":18},"end":{"line":86,"column":20}}},"fnMap":{"0":{"name":"(anonymous_0)","decl":{"start":{"line":9,"column":27},"end":{"line":9,"column":28}},"loc":{"start":{"line":14,"column":6},"end":{"line":129,"column":1}},"line":14},"1":{"name":"(anonymous_1)","decl":{"start":{"line":19,"column":12},"end":{"line":19,"column":13}},"loc":{"start":{"line":19,"column":18},"end":{"line":33,"column":3}},"line":19},"2":{"name":"getFilters","decl":{"start":{"line":20,"column":19},"end":{"line":20,"column":29}},"loc":{"start":{"line":20,"column":32},"end":{"line":31,"column":5}},"line":20},"3":{"name":"(anonymous_3)","decl":{"start":{"line":39,"column":17},"end":{"line":39,"column":18}},"loc":{"start":{"line":39,"column":23},"end":{"line":39,"column":50}},"line":39},"4":{"name":"(anonymous_4)","decl":{"start":{"line":47,"column":18},"end":{"line":47,"column":19}},"loc":{"start":{"line":47,"column":30},"end":{"line":50,"column":9}},"line":47},"5":{"name":"(anonymous_5)","decl":{"start":{"line":53,"column":9},"end":{"line":53,"column":10}},"loc":{"start":{"line":54,"column":10},"end":{"line":124,"column":17}},"line":54},"6":{"name":"(anonymous_6)","decl":{"start":{"line":62,"column":52},"end":{"line":62,"column":53}},"loc":{"start":{"line":63,"column":18},"end":{"line":68,"column":20}},"line":63},"7":{"name":"(anonymous_7)","decl":{"start":{"line":80,"column":57},"end":{"line":80,"column":58}},"loc":{"start":{"line":81,"column":18},"end":{"line":86,"column":20}},"line":81}},"branchMap":{"0":{"loc":{"start":{"line":23,"column":6},"end":{"line":25,"column":7}},"type":"if","locations":[{"start":{"line":23,"column":6},"end":{"line":25,"column":7}},{"start":{},"end":{}}],"line":23},"1":{"loc":{"start":{"line":27,"column":6},"end":{"line":29,"column":7}},"type":"if","locations":[{"start":{"line":27,"column":6},"end":{"line":29,"column":7}},{"start":{},"end":{}}],"line":27},"2":{"loc":{"start":{"line":27,"column":10},"end":{"line":27,"column":55}},"type":"binary-expr","locations":[{"start":{"line":27,"column":10},"end":{"line":27,"column":27}},{"start":{"line":27,"column":31},"end":{"line":27,"column":55}}],"line":27},"3":{"loc":{"start":{"line":58,"column":15},"end":{"line":70,"column":15}},"type":"cond-expr","locations":[{"start":{"line":59,"column":16},"end":{"line":59,"column":41}},{"start":{"line":61,"column":16},"end":{"line":69,"column":18}}],"line":58},"4":{"loc":{"start":{"line":61,"column":16},"end":{"line":69,"column":18}},"type":"binary-expr","locations":[{"start":{"line":61,"column":16},"end":{"line":61,"column":32}},{"start":{"line":62,"column":16},"end":{"line":69,"column":18}}],"line":61},"5":{"loc":{"start":{"line":76,"column":15},"end":{"line":88,"column":15}},"type":"cond-expr","locations":[{"start":{"line":77,"column":16},"end":{"line":77,"column":41}},{"start":{"line":79,"column":16},"end":{"line":87,"column":18}}],"line":76},"6":{"loc":{"start":{"line":79,"column":16},"end":{"line":87,"column":18}},"type":"binary-expr","locations":[{"start":{"line":79,"column":16},"end":{"line":79,"column":32}},{"start":{"line":80,"column":16},"end":{"line":87,"column":18}}],"line":79}},"s":{"0":0,"1":0,"2":0,"3":0,"4":0,"5":0,"6":0,"7":0,"8":0,"9":0,"10":0,"11":0,"12":0,"13":0,"14":0,"15":0,"16":0,"17":0,"18":0},"f":{"0":0,"1":0,"2":0,"3":0,"4":0,"5":0,"6":0,"7":0},"b":{"0":[0,0],"1":[0,0],"2":[0,0],"3":[0,0],"4":[0,0],"5":[0,0],"6":[0,0]}}
,"D:\\fork\\grocery-app\\client\\src\\views\\Products\\ProductsList\\ProductsList.jsx": {"path":"D:\\fork\\grocery-app\\client\\src\\views\\Products\\ProductsList\\ProductsList.jsx","statementMap":{"0":{"start":{"line":4,"column":21},"end":{"line":32,"column":1}},"1":{"start":{"line":5,"column":2},"end":{"line":31,"column":4}},"2":{"start":{"line":11,"column":12},"end":{"line":12,"column":71}},"3":{"start":{"line":19,"column":12},"end":{"line":20,"column":71}},"4":{"start":{"line":28,"column":37},"end":{"line":28,"column":78}}},"fnMap":{"0":{"name":"(anonymous_0)","decl":{"start":{"line":4,"column":21},"end":{"line":4,"column":22}},"loc":{"start":{"line":4,"column":77},"end":{"line":32,"column":1}},"line":4},"1":{"name":"(anonymous_1)","decl":{"start":{"line":10,"column":19},"end":{"line":10,"column":20}},"loc":{"start":{"line":11,"column":12},"end":{"line":12,"column":71}},"line":11},"2":{"name":"(anonymous_2)","decl":{"start":{"line":18,"column":19},"end":{"line":18,"column":20}},"loc":{"start":{"line":19,"column":12},"end":{"line":20,"column":71}},"line":19},"3":{"name":"(anonymous_3)","decl":{"start":{"line":28,"column":21},"end":{"line":28,"column":22}},"loc":{"start":{"line":28,"column":37},"end":{"line":28,"column":78}},"line":28}},"branchMap":{"0":{"loc":{"start":{"line":11,"column":12},"end":{"line":12,"column":71}},"type":"binary-expr","locations":[{"start":{"line":11,"column":12},"end":{"line":11,"column":31}},{"start":{"line":12,"column":12},"end":{"line":12,"column":71}}],"line":11},"1":{"loc":{"start":{"line":19,"column":12},"end":{"line":20,"column":71}},"type":"binary-expr","locations":[{"start":{"line":19,"column":12},"end":{"line":19,"column":34}},{"start":{"line":20,"column":12},"end":{"line":20,"column":71}}],"line":19},"2":{"loc":{"start":{"line":24,"column":7},"end":{"line":29,"column":7}},"type":"cond-expr","locations":[{"start":{"line":25,"column":8},"end":{"line":25,"column":33}},{"start":{"line":27,"column":8},"end":{"line":28,"column":79}}],"line":24},"3":{"loc":{"start":{"line":27,"column":8},"end":{"line":28,"column":79}},"type":"binary-expr","locations":[{"start":{"line":27,"column":8},"end":{"line":27,"column":16}},{"start":{"line":28,"column":8},"end":{"line":28,"column":79}}],"line":27}},"s":{"0":0,"1":0,"2":0,"3":0,"4":0},"f":{"0":0,"1":0,"2":0,"3":0},"b":{"0":[0,0],"1":[0,0],"2":[0,0],"3":[0,0]}}
,"D:\\fork\\grocery-app\\client\\src\\views\\Register\\Register.jsx": {"path":"D:\\fork\\grocery-app\\client\\src\\views\\Register\\Register.jsx","statementMap":{"0":{"start":{"line":11,"column":17},"end":{"line":126,"column":1}},"1":{"start":{"line":12,"column":24},"end":{"line":12,"column":34}},"2":{"start":{"line":13,"column":44},"end":{"line":13,"column":56}},"3":{"start":{"line":14,"column":19},"end":{"line":14,"column":32}},"4":{"start":{"line":16,"column":2},"end":{"line":125,"column":3}},"5":{"start":{"line":28,"column":31},"end":{"line":28,"column":57}},"6":{"start":{"line":30,"column":14},"end":{"line":32,"column":15}},"7":{"start":{"line":31,"column":16},"end":{"line":31,"column":43}},"8":{"start":{"line":34,"column":14},"end":{"line":34,"column":98}},"9":{"start":{"line":45,"column":16},"end":{"line":114,"column":23}}},"fnMap":{"0":{"name":"(anonymous_0)","decl":{"start":{"line":11,"column":17},"end":{"line":11,"column":18}},"loc":{"start":{"line":11,"column":23},"end":{"line":126,"column":1}},"line":11},"1":{"name":"(anonymous_1)","decl":{"start":{"line":27,"column":22},"end":{"line":27,"column":23}},"loc":{"start":{"line":27,"column":40},"end":{"line":35,"column":13}},"line":27},"2":{"name":"(anonymous_2)","decl":{"start":{"line":38,"column":14},"end":{"line":38,"column":15}},"loc":{"start":{"line":45,"column":16},"end":{"line":114,"column":23}},"line":45}},"branchMap":{"0":{"loc":{"start":{"line":30,"column":14},"end":{"line":32,"column":15}},"type":"if","locations":[{"start":{"line":30,"column":14},"end":{"line":32,"column":15}},{"start":{},"end":{}}],"line":30},"1":{"loc":{"start":{"line":34,"column":14},"end":{"line":34,"column":97}},"type":"cond-expr","locations":[{"start":{"line":34,"column":33},"end":{"line":34,"column":46}},{"start":{"line":34,"column":49},"end":{"line":34,"column":97}}],"line":34},"2":{"loc":{"start":{"line":89,"column":19},"end":{"line":91,"column":26}},"type":"cond-expr","locations":[{"start":{"line":90,"column":20},"end":{"line":90,"column":111}},{"start":{"line":91,"column":22},"end":{"line":91,"column":26}}],"line":89},"3":{"loc":{"start":{"line":89,"column":19},"end":{"line":89,"column":46}},"type":"binary-expr","locations":[{"start":{"line":89,"column":19},"end":{"line":89,"column":30}},{"start":{"line":89,"column":34},"end":{"line":89,"column":46}}],"line":89},"4":{"loc":{"start":{"line":92,"column":19},"end":{"line":94,"column":26}},"type":"cond-expr","locations":[{"start":{"line":93,"column":20},"end":{"line":93,"column":112}},{"start":{"line":94,"column":22},"end":{"line":94,"column":26}}],"line":92},"5":{"loc":{"start":{"line":92,"column":19},"end":{"line":92,"column":48}},"type":"binary-expr","locations":[{"start":{"line":92,"column":19},"end":{"line":92,"column":31}},{"start":{"line":92,"column":35},"end":{"line":92,"column":48}}],"line":92},"6":{"loc":{"start":{"line":95,"column":19},"end":{"line":97,"column":26}},"type":"cond-expr","locations":[{"start":{"line":96,"column":20},"end":{"line":96,"column":115}},{"start":{"line":97,"column":22},"end":{"line":97,"column":26}}],"line":95},"7":{"loc":{"start":{"line":95,"column":19},"end":{"line":95,"column":54}},"type":"binary-expr","locations":[{"start":{"line":95,"column":19},"end":{"line":95,"column":34}},{"start":{"line":95,"column":38},"end":{"line":95,"column":54}}],"line":95},"8":{"loc":{"start":{"line":98,"column":19},"end":{"line":100,"column":26}},"type":"cond-expr","locations":[{"start":{"line":99,"column":20},"end":{"line":99,"column":122}},{"start":{"line":100,"column":22},"end":{"line":100,"column":26}}],"line":98},"9":{"loc":{"start":{"line":98,"column":19},"end":{"line":98,"column":68}},"type":"binary-expr","locations":[{"start":{"line":98,"column":19},"end":{"line":98,"column":41}},{"start":{"line":98,"column":45},"end":{"line":98,"column":68}}],"line":98},"10":{"loc":{"start":{"line":101,"column":19},"end":{"line":103,"column":26}},"type":"cond-expr","locations":[{"start":{"line":102,"column":20},"end":{"line":102,"column":113}},{"start":{"line":103,"column":22},"end":{"line":103,"column":26}}],"line":101}},"s":{"0":0,"1":0,"2":0,"3":0,"4":0,"5":0,"6":0,"7":0,"8":0,"9":0},"f":{"0":0,"1":0,"2":0},"b":{"0":[0,0],"1":[0,0],"2":[0,0],"3":[0,0],"4":[0,0],"5":[0,0],"6":[0,0],"7":[0,0],"8":[0,0],"9":[0,0],"10":[0,0]}}
,"D:\\fork\\grocery-app\\client\\src\\views\\Searchbar\\Searchbar.jsx": {"path":"D:\\fork\\grocery-app\\client\\src\\views\\Searchbar\\Searchbar.jsx","statementMap":{"0":{"start":{"line":7,"column":18},"end":{"line":34,"column":1}},"1":{"start":{"line":8,"column":40},"end":{"line":8,"column":52}},"2":{"start":{"line":9,"column":36},"end":{"line":9,"column":67}},"3":{"start":{"line":11,"column":2},"end":{"line":33,"column":3}},"4":{"start":{"line":19,"column":29},"end":{"line":19,"column":58}}},"fnMap":{"0":{"name":"(anonymous_0)","decl":{"start":{"line":7,"column":18},"end":{"line":7,"column":19}},"loc":{"start":{"line":7,"column":24},"end":{"line":34,"column":1}},"line":7},"1":{"name":"(anonymous_1)","decl":{"start":{"line":19,"column":22},"end":{"line":19,"column":23}},"loc":{"start":{"line":19,"column":29},"end":{"line":19,"column":58}},"line":19}},"branchMap":{"0":{"loc":{"start":{"line":25,"column":58},"end":{"line":25,"column":110}},"type":"cond-expr","locations":[{"start":{"line":25,"column":95},"end":{"line":25,"column":99}},{"start":{"line":25,"column":102},"end":{"line":25,"column":110}}],"line":25}},"s":{"0":0,"1":0,"2":0,"3":0,"4":0},"f":{"0":0,"1":0},"b":{"0":[0,0]}}
,"D:\\fork\\grocery-app\\client\\src\\views\\Searchbar\\SearchbarCategories\\SearchbarCategories.jsx": {"path":"D:\\fork\\grocery-app\\client\\src\\views\\Searchbar\\SearchbarCategories\\SearchbarCategories.jsx","statementMap":{"0":{"start":{"line":7,"column":28},"end":{"line":79,"column":1}},"1":{"start":{"line":8,"column":26},"end":{"line":8,"column":36}},"2":{"start":{"line":9,"column":52},"end":{"line":9,"column":62}},"3":{"start":{"line":10,"column":48},"end":{"line":10,"column":63}},"4":{"start":{"line":11,"column":24},"end":{"line":11,"column":36}},"5":{"start":{"line":13,"column":4},"end":{"line":26,"column":10}},"6":{"start":{"line":15,"column":38},"end":{"line":15,"column":58}},"7":{"start":{"line":17,"column":12},"end":{"line":19,"column":13}},"8":{"start":{"line":18,"column":16},"end":{"line":18,"column":43}},"9":{"start":{"line":21,"column":12},"end":{"line":23,"column":13}},"10":{"start":{"line":22,"column":16},"end":{"line":22,"column":103}},"11":{"start":{"line":25,"column":8},"end":{"line":25,"column":21}},"12":{"start":{"line":28,"column":27},"end":{"line":30,"column":5}},"13":{"start":{"line":29,"column":8},"end":{"line":29,"column":43}},"14":{"start":{"line":32,"column":4},"end":{"line":44,"column":13}},"15":{"start":{"line":33,"column":35},"end":{"line":37,"column":9}},"16":{"start":{"line":34,"column":10},"end":{"line":36,"column":11}},"17":{"start":{"line":35,"column":12},"end":{"line":35,"column":37}},"18":{"start":{"line":39,"column":8},"end":{"line":39,"column":63}},"19":{"start":{"line":41,"column":8},"end":{"line":43,"column":10}},"20":{"start":{"line":42,"column":10},"end":{"line":42,"column":68}},"21":{"start":{"line":46,"column":25},"end":{"line":49,"column":5}},"22":{"start":{"line":47,"column":8},"end":{"line":47,"column":26}},"23":{"start":{"line":48,"column":8},"end":{"line":48,"column":33}},"24":{"start":{"line":51,"column":2},"end":{"line":78,"column":3}},"25":{"start":{"line":66,"column":20},"end":{"line":72,"column":25}},"26":{"start":{"line":69,"column":39},"end":{"line":69,"column":63}}},"fnMap":{"0":{"name":"(anonymous_0)","decl":{"start":{"line":7,"column":28},"end":{"line":7,"column":29}},"loc":{"start":{"line":7,"column":59},"end":{"line":79,"column":1}},"line":7},"1":{"name":"(anonymous_1)","decl":{"start":{"line":13,"column":14},"end":{"line":13,"column":15}},"loc":{"start":{"line":13,"column":20},"end":{"line":26,"column":5}},"line":13},"2":{"name":"getFilters","decl":{"start":{"line":14,"column":23},"end":{"line":14,"column":33}},"loc":{"start":{"line":14,"column":36},"end":{"line":24,"column":9}},"line":14},"3":{"name":"(anonymous_3)","decl":{"start":{"line":28,"column":27},"end":{"line":28,"column":28}},"loc":{"start":{"line":28,"column":33},"end":{"line":30,"column":5}},"line":28},"4":{"name":"(anonymous_4)","decl":{"start":{"line":32,"column":14},"end":{"line":32,"column":15}},"loc":{"start":{"line":32,"column":20},"end":{"line":44,"column":7}},"line":32},"5":{"name":"(anonymous_5)","decl":{"start":{"line":33,"column":35},"end":{"line":33,"column":36}},"loc":{"start":{"line":33,"column":46},"end":{"line":37,"column":9}},"line":33},"6":{"name":"(anonymous_6)","decl":{"start":{"line":41,"column":15},"end":{"line":41,"column":16}},"loc":{"start":{"line":41,"column":21},"end":{"line":43,"column":9}},"line":41},"7":{"name":"(anonymous_7)","decl":{"start":{"line":46,"column":25},"end":{"line":46,"column":26}},"loc":{"start":{"line":46,"column":35},"end":{"line":49,"column":5}},"line":46},"8":{"name":"(anonymous_8)","decl":{"start":{"line":65,"column":58},"end":{"line":65,"column":59}},"loc":{"start":{"line":66,"column":20},"end":{"line":72,"column":25}},"line":66},"9":{"name":"(anonymous_9)","decl":{"start":{"line":69,"column":33},"end":{"line":69,"column":34}},"loc":{"start":{"line":69,"column":39},"end":{"line":69,"column":63}},"line":69}},"branchMap":{"0":{"loc":{"start":{"line":17,"column":12},"end":{"line":19,"column":13}},"type":"if","locations":[{"start":{"line":17,"column":12},"end":{"line":19,"column":13}},{"start":{},"end":{}}],"line":17},"1":{"loc":{"start":{"line":21,"column":12},"end":{"line":23,"column":13}},"type":"if","locations":[{"start":{"line":21,"column":12},"end":{"line":23,"column":13}},{"start":{},"end":{}}],"line":21},"2":{"loc":{"start":{"line":21,"column":16},"end":{"line":21,"column":61}},"type":"binary-expr","locations":[{"start":{"line":21,"column":16},"end":{"line":21,"column":33}},{"start":{"line":21,"column":37},"end":{"line":21,"column":61}}],"line":21},"3":{"loc":{"start":{"line":34,"column":10},"end":{"line":36,"column":11}},"type":"if","locations":[{"start":{"line":34,"column":10},"end":{"line":36,"column":11}},{"start":{},"end":{}}],"line":34},"4":{"loc":{"start":{"line":34,"column":14},"end":{"line":34,"column":80}},"type":"binary-expr","locations":[{"start":{"line":34,"column":14},"end":{"line":34,"column":33}},{"start":{"line":34,"column":37},"end":{"line":34,"column":80}}],"line":34},"5":{"loc":{"start":{"line":62,"column":9},"end":{"line":76,"column":9}},"type":"binary-expr","locations":[{"start":{"line":62,"column":9},"end":{"line":62,"column":23}},{"start":{"line":63,"column":12},"end":{"line":75,"column":18}}],"line":62},"6":{"loc":{"start":{"line":65,"column":17},"end":{"line":73,"column":18}},"type":"binary-expr","locations":[{"start":{"line":65,"column":17},"end":{"line":65,"column":33}},{"start":{"line":65,"column":37},"end":{"line":73,"column":18}}],"line":65}},"s":{"0":0,"1":0,"2":0,"3":0,"4":0,"5":0,"6":0,"7":0,"8":0,"9":0,"10":0,"11":0,"12":0,"13":0,"14":0,"15":0,"16":0,"17":0,"18":0,"19":0,"20":0,"21":0,"22":0,"23":0,"24":0,"25":0,"26":0},"f":{"0":0,"1":0,"2":0,"3":0,"4":0,"5":0,"6":0,"7":0,"8":0,"9":0},"b":{"0":[0,0],"1":[0,0],"2":[0,0],"3":[0,0],"4":[0,0],"5":[0,0],"6":[0,0]}}
,"D:\\fork\\grocery-app\\client\\src\\views\\ShopList\\ShopList.jsx": {"path":"D:\\fork\\grocery-app\\client\\src\\views\\ShopList\\ShopList.jsx","statementMap":{"0":{"start":{"line":5,"column":17},"end":{"line":19,"column":1}},"1":{"start":{"line":6,"column":2},"end":{"line":18,"column":3}},"2":{"start":{"line":12,"column":16},"end":{"line":14,"column":31}}},"fnMap":{"0":{"name":"(anonymous_0)","decl":{"start":{"line":5,"column":17},"end":{"line":5,"column":18}},"loc":{"start":{"line":5,"column":23},"end":{"line":19,"column":1}},"line":5},"1":{"name":"(anonymous_1)","decl":{"start":{"line":11,"column":23},"end":{"line":11,"column":24}},"loc":{"start":{"line":12,"column":16},"end":{"line":14,"column":31}},"line":12}},"branchMap":{},"s":{"0":0,"1":0,"2":0},"f":{"0":0,"1":0},"b":{}}
,"D:\\fork\\grocery-app\\client\\src\\views\\ShopList\\ShopListTile\\ShopListTile.jsx": {"path":"D:\\fork\\grocery-app\\client\\src\\views\\ShopList\\ShopListTile\\ShopListTile.jsx","statementMap":{"0":{"start":{"line":3,"column":21},"end":{"line":16,"column":1}},"1":{"start":{"line":4,"column":2},"end":{"line":15,"column":3}}},"fnMap":{"0":{"name":"(anonymous_0)","decl":{"start":{"line":3,"column":21},"end":{"line":3,"column":22}},"loc":{"start":{"line":3,"column":52},"end":{"line":16,"column":1}},"line":3}},"branchMap":{},"s":{"0":0,"1":0},"f":{"0":0},"b":{}}
}
